The system is: Linux - 3.10.0-514.6.1.el7.x86_64 - x86_64
Compiling the C compiler identification source file "CMakeCCompilerId.c" succeeded.
Compiler: /act/mvapich2-2.1/gcc/bin/mpicc 
Build flags: 
Id flags:  

The output was:
0


Compilation of the C compiler identification source "CMakeCCompilerId.c" produced "a.out"

The C compiler identification is GNU, found in "/home/mlee/IBLGF-AMR-parallel-new/builds/CMakeFiles/3.12.2/CompilerIdC/a.out"

Compiling the CXX compiler identification source file "CMakeCXXCompilerId.cpp" succeeded.
Compiler: /act/mvapich2-2.1/gcc/bin/mpic++ 
Build flags: 
Id flags:  

The output was:
0


Compilation of the CXX compiler identification source "CMakeCXXCompilerId.cpp" produced "a.out"

The CXX compiler identification is GNU, found in "/home/mlee/IBLGF-AMR-parallel-new/builds/CMakeFiles/3.12.2/CompilerIdCXX/a.out"

Determining if the C compiler works passed with the following output:
Change Dir: /home/mlee/IBLGF-AMR-parallel-new/builds/CMakeFiles/CMakeTmp

Run Build Command:"/usr/bin/gmake" "cmTC_09fb6/fast"
/usr/bin/gmake -f CMakeFiles/cmTC_09fb6.dir/build.make CMakeFiles/cmTC_09fb6.dir/build
gmake[1]: Entering directory `/home/mlee/IBLGF-AMR-parallel-new/builds/CMakeFiles/CMakeTmp'
Building C object CMakeFiles/cmTC_09fb6.dir/testCCompiler.c.o
/act/mvapich2-2.1/gcc/bin/mpicc    -o CMakeFiles/cmTC_09fb6.dir/testCCompiler.c.o   -c /home/mlee/IBLGF-AMR-parallel-new/builds/CMakeFiles/CMakeTmp/testCCompiler.c
Linking C executable cmTC_09fb6
/usr/local/bin/cmake -E cmake_link_script CMakeFiles/cmTC_09fb6.dir/link.txt --verbose=1
/act/mvapich2-2.1/gcc/bin/mpicc      -rdynamic CMakeFiles/cmTC_09fb6.dir/testCCompiler.c.o  -o cmTC_09fb6 
gmake[1]: Leaving directory `/home/mlee/IBLGF-AMR-parallel-new/builds/CMakeFiles/CMakeTmp'


Detecting C compiler ABI info compiled with the following output:
Change Dir: /home/mlee/IBLGF-AMR-parallel-new/builds/CMakeFiles/CMakeTmp

Run Build Command:"/usr/bin/gmake" "cmTC_6cf91/fast"
/usr/bin/gmake -f CMakeFiles/cmTC_6cf91.dir/build.make CMakeFiles/cmTC_6cf91.dir/build
gmake[1]: Entering directory `/home/mlee/IBLGF-AMR-parallel-new/builds/CMakeFiles/CMakeTmp'
Building C object CMakeFiles/cmTC_6cf91.dir/CMakeCCompilerABI.c.o
/act/mvapich2-2.1/gcc/bin/mpicc    -o CMakeFiles/cmTC_6cf91.dir/CMakeCCompilerABI.c.o   -c /usr/local/share/cmake-3.12/Modules/CMakeCCompilerABI.c
Linking C executable cmTC_6cf91
/usr/local/bin/cmake -E cmake_link_script CMakeFiles/cmTC_6cf91.dir/link.txt --verbose=1
/act/mvapich2-2.1/gcc/bin/mpicc     -v -rdynamic CMakeFiles/cmTC_6cf91.dir/CMakeCCompilerABI.c.o  -o cmTC_6cf91 
mpicc for MVAPICH2 version 2.1
Using built-in specs.
COLLECT_GCC=gcc
COLLECT_LTO_WRAPPER=/opt/gcc/7.3.0/libexec/gcc/x86_64-pc-linux-gnu/7.3.0/lto-wrapper
Target: x86_64-pc-linux-gnu
Configured with: ./configure --prefix=/opt/gcc/7.3.0 --with-system-zlib --disable-multilib --enable-languages=c,c++,fortran
Thread model: posix
gcc version 7.3.0 (GCC) 
COMPILER_PATH=/opt/gcc/7.3.0/libexec/gcc/x86_64-pc-linux-gnu/7.3.0/:/opt/gcc/7.3.0/libexec/gcc/x86_64-pc-linux-gnu/7.3.0/:/opt/gcc/7.3.0/libexec/gcc/x86_64-pc-linux-gnu/:/opt/gcc/7.3.0/lib/gcc/x86_64-pc-linux-gnu/7.3.0/:/opt/gcc/7.3.0/lib/gcc/x86_64-pc-linux-gnu/
LIBRARY_PATH=/opt/gcc/7.3.0/lib/gcc/x86_64-pc-linux-gnu/7.3.0/:/opt/gcc/7.3.0/lib/gcc/x86_64-pc-linux-gnu/7.3.0/../../../../lib64/:/lib/../lib64/:/usr/lib/../lib64/:/opt/gcc/7.3.0/lib/gcc/x86_64-pc-linux-gnu/7.3.0/../../../:/lib/:/usr/lib/
COLLECT_GCC_OPTIONS='-v' '-rdynamic' '-o' 'cmTC_6cf91' '-I' '/act/mvapich2-2.1/gcc/include' '-L/act/mvapich2-2.1/gcc/lib' '-mtune=generic' '-march=x86-64'
 /opt/gcc/7.3.0/libexec/gcc/x86_64-pc-linux-gnu/7.3.0/collect2 -plugin /opt/gcc/7.3.0/libexec/gcc/x86_64-pc-linux-gnu/7.3.0/liblto_plugin.so -plugin-opt=/opt/gcc/7.3.0/libexec/gcc/x86_64-pc-linux-gnu/7.3.0/lto-wrapper -plugin-opt=-fresolution=/tmp/ccyIUzOb.res -plugin-opt=-pass-through=-lgcc -plugin-opt=-pass-through=-lgcc_s -plugin-opt=-pass-through=-lc -plugin-opt=-pass-through=-lgcc -plugin-opt=-pass-through=-lgcc_s --eh-frame-hdr -m elf_x86_64 -export-dynamic -dynamic-linker /lib64/ld-linux-x86-64.so.2 -o cmTC_6cf91 /lib/../lib64/crt1.o /lib/../lib64/crti.o /opt/gcc/7.3.0/lib/gcc/x86_64-pc-linux-gnu/7.3.0/crtbegin.o -L/act/mvapich2-2.1/gcc/lib -L/opt/gcc/7.3.0/lib/gcc/x86_64-pc-linux-gnu/7.3.0 -L/opt/gcc/7.3.0/lib/gcc/x86_64-pc-linux-gnu/7.3.0/../../../../lib64 -L/lib/../lib64 -L/usr/lib/../lib64 -L/opt/gcc/7.3.0/lib/gcc/x86_64-pc-linux-gnu/7.3.0/../../.. CMakeFiles/cmTC_6cf91.dir/CMakeCCompilerABI.c.o -rpath /act/mvapich2-2.1/gcc/lib --enable-new-dtags -lmpi -lgcc --as-needed -lgcc_s --no-as-needed -lc -lgcc --as-needed -lgcc_s --no-as-needed /opt/gcc/7.3.0/lib/gcc/x86_64-pc-linux-gnu/7.3.0/crtend.o /lib/../lib64/crtn.o
COLLECT_GCC_OPTIONS='-v' '-rdynamic' '-o' 'cmTC_6cf91' '-I' '/act/mvapich2-2.1/gcc/include' '-L/act/mvapich2-2.1/gcc/lib' '-mtune=generic' '-march=x86-64'
gmake[1]: Leaving directory `/home/mlee/IBLGF-AMR-parallel-new/builds/CMakeFiles/CMakeTmp'


Parsed C implicit link information from above output:
  link line regex: [^( *|.*[/\])(ld|CMAKE_LINK_STARTFILE-NOTFOUND|([^/\]+-)?ld|collect2)[^/\]*( |$)]
  ignore line: [Change Dir: /home/mlee/IBLGF-AMR-parallel-new/builds/CMakeFiles/CMakeTmp]
  ignore line: []
  ignore line: [Run Build Command:"/usr/bin/gmake" "cmTC_6cf91/fast"]
  ignore line: [/usr/bin/gmake -f CMakeFiles/cmTC_6cf91.dir/build.make CMakeFiles/cmTC_6cf91.dir/build]
  ignore line: [gmake[1]: Entering directory `/home/mlee/IBLGF-AMR-parallel-new/builds/CMakeFiles/CMakeTmp']
  ignore line: [Building C object CMakeFiles/cmTC_6cf91.dir/CMakeCCompilerABI.c.o]
  ignore line: [/act/mvapich2-2.1/gcc/bin/mpicc    -o CMakeFiles/cmTC_6cf91.dir/CMakeCCompilerABI.c.o   -c /usr/local/share/cmake-3.12/Modules/CMakeCCompilerABI.c]
  ignore line: [Linking C executable cmTC_6cf91]
  ignore line: [/usr/local/bin/cmake -E cmake_link_script CMakeFiles/cmTC_6cf91.dir/link.txt --verbose=1]
  ignore line: [/act/mvapich2-2.1/gcc/bin/mpicc     -v -rdynamic CMakeFiles/cmTC_6cf91.dir/CMakeCCompilerABI.c.o  -o cmTC_6cf91 ]
  ignore line: [mpicc for MVAPICH2 version 2.1]
  ignore line: [Using built-in specs.]
  ignore line: [COLLECT_GCC=gcc]
  ignore line: [COLLECT_LTO_WRAPPER=/opt/gcc/7.3.0/libexec/gcc/x86_64-pc-linux-gnu/7.3.0/lto-wrapper]
  ignore line: [Target: x86_64-pc-linux-gnu]
  ignore line: [Configured with: ./configure --prefix=/opt/gcc/7.3.0 --with-system-zlib --disable-multilib --enable-languages=c,c++,fortran]
  ignore line: [Thread model: posix]
  ignore line: [gcc version 7.3.0 (GCC) ]
  ignore line: [COMPILER_PATH=/opt/gcc/7.3.0/libexec/gcc/x86_64-pc-linux-gnu/7.3.0/:/opt/gcc/7.3.0/libexec/gcc/x86_64-pc-linux-gnu/7.3.0/:/opt/gcc/7.3.0/libexec/gcc/x86_64-pc-linux-gnu/:/opt/gcc/7.3.0/lib/gcc/x86_64-pc-linux-gnu/7.3.0/:/opt/gcc/7.3.0/lib/gcc/x86_64-pc-linux-gnu/]
  ignore line: [LIBRARY_PATH=/opt/gcc/7.3.0/lib/gcc/x86_64-pc-linux-gnu/7.3.0/:/opt/gcc/7.3.0/lib/gcc/x86_64-pc-linux-gnu/7.3.0/../../../../lib64/:/lib/../lib64/:/usr/lib/../lib64/:/opt/gcc/7.3.0/lib/gcc/x86_64-pc-linux-gnu/7.3.0/../../../:/lib/:/usr/lib/]
  ignore line: [COLLECT_GCC_OPTIONS='-v' '-rdynamic' '-o' 'cmTC_6cf91' '-I' '/act/mvapich2-2.1/gcc/include' '-L/act/mvapich2-2.1/gcc/lib' '-mtune=generic' '-march=x86-64']
  link line: [ /opt/gcc/7.3.0/libexec/gcc/x86_64-pc-linux-gnu/7.3.0/collect2 -plugin /opt/gcc/7.3.0/libexec/gcc/x86_64-pc-linux-gnu/7.3.0/liblto_plugin.so -plugin-opt=/opt/gcc/7.3.0/libexec/gcc/x86_64-pc-linux-gnu/7.3.0/lto-wrapper -plugin-opt=-fresolution=/tmp/ccyIUzOb.res -plugin-opt=-pass-through=-lgcc -plugin-opt=-pass-through=-lgcc_s -plugin-opt=-pass-through=-lc -plugin-opt=-pass-through=-lgcc -plugin-opt=-pass-through=-lgcc_s --eh-frame-hdr -m elf_x86_64 -export-dynamic -dynamic-linker /lib64/ld-linux-x86-64.so.2 -o cmTC_6cf91 /lib/../lib64/crt1.o /lib/../lib64/crti.o /opt/gcc/7.3.0/lib/gcc/x86_64-pc-linux-gnu/7.3.0/crtbegin.o -L/act/mvapich2-2.1/gcc/lib -L/opt/gcc/7.3.0/lib/gcc/x86_64-pc-linux-gnu/7.3.0 -L/opt/gcc/7.3.0/lib/gcc/x86_64-pc-linux-gnu/7.3.0/../../../../lib64 -L/lib/../lib64 -L/usr/lib/../lib64 -L/opt/gcc/7.3.0/lib/gcc/x86_64-pc-linux-gnu/7.3.0/../../.. CMakeFiles/cmTC_6cf91.dir/CMakeCCompilerABI.c.o -rpath /act/mvapich2-2.1/gcc/lib --enable-new-dtags -lmpi -lgcc --as-needed -lgcc_s --no-as-needed -lc -lgcc --as-needed -lgcc_s --no-as-needed /opt/gcc/7.3.0/lib/gcc/x86_64-pc-linux-gnu/7.3.0/crtend.o /lib/../lib64/crtn.o]
    arg [/opt/gcc/7.3.0/libexec/gcc/x86_64-pc-linux-gnu/7.3.0/collect2] ==> ignore
    arg [-plugin] ==> ignore
    arg [/opt/gcc/7.3.0/libexec/gcc/x86_64-pc-linux-gnu/7.3.0/liblto_plugin.so] ==> ignore
    arg [-plugin-opt=/opt/gcc/7.3.0/libexec/gcc/x86_64-pc-linux-gnu/7.3.0/lto-wrapper] ==> ignore
    arg [-plugin-opt=-fresolution=/tmp/ccyIUzOb.res] ==> ignore
    arg [-plugin-opt=-pass-through=-lgcc] ==> ignore
    arg [-plugin-opt=-pass-through=-lgcc_s] ==> ignore
    arg [-plugin-opt=-pass-through=-lc] ==> ignore
    arg [-plugin-opt=-pass-through=-lgcc] ==> ignore
    arg [-plugin-opt=-pass-through=-lgcc_s] ==> ignore
    arg [--eh-frame-hdr] ==> ignore
    arg [-m] ==> ignore
    arg [elf_x86_64] ==> ignore
    arg [-export-dynamic] ==> ignore
    arg [-dynamic-linker] ==> ignore
    arg [/lib64/ld-linux-x86-64.so.2] ==> ignore
    arg [-o] ==> ignore
    arg [cmTC_6cf91] ==> ignore
    arg [/lib/../lib64/crt1.o] ==> ignore
    arg [/lib/../lib64/crti.o] ==> ignore
    arg [/opt/gcc/7.3.0/lib/gcc/x86_64-pc-linux-gnu/7.3.0/crtbegin.o] ==> ignore
    arg [-L/act/mvapich2-2.1/gcc/lib] ==> dir [/act/mvapich2-2.1/gcc/lib]
    arg [-L/opt/gcc/7.3.0/lib/gcc/x86_64-pc-linux-gnu/7.3.0] ==> dir [/opt/gcc/7.3.0/lib/gcc/x86_64-pc-linux-gnu/7.3.0]
    arg [-L/opt/gcc/7.3.0/lib/gcc/x86_64-pc-linux-gnu/7.3.0/../../../../lib64] ==> dir [/opt/gcc/7.3.0/lib/gcc/x86_64-pc-linux-gnu/7.3.0/../../../../lib64]
    arg [-L/lib/../lib64] ==> dir [/lib/../lib64]
    arg [-L/usr/lib/../lib64] ==> dir [/usr/lib/../lib64]
    arg [-L/opt/gcc/7.3.0/lib/gcc/x86_64-pc-linux-gnu/7.3.0/../../..] ==> dir [/opt/gcc/7.3.0/lib/gcc/x86_64-pc-linux-gnu/7.3.0/../../..]
    arg [CMakeFiles/cmTC_6cf91.dir/CMakeCCompilerABI.c.o] ==> ignore
    arg [-rpath] ==> ignore
    arg [/act/mvapich2-2.1/gcc/lib] ==> ignore
    arg [--enable-new-dtags] ==> ignore
    arg [-lmpi] ==> lib [mpi]
    arg [-lgcc] ==> lib [gcc]
    arg [--as-needed] ==> ignore
    arg [-lgcc_s] ==> lib [gcc_s]
    arg [--no-as-needed] ==> ignore
    arg [-lc] ==> lib [c]
    arg [-lgcc] ==> lib [gcc]
    arg [--as-needed] ==> ignore
    arg [-lgcc_s] ==> lib [gcc_s]
    arg [--no-as-needed] ==> ignore
    arg [/opt/gcc/7.3.0/lib/gcc/x86_64-pc-linux-gnu/7.3.0/crtend.o] ==> ignore
    arg [/lib/../lib64/crtn.o] ==> ignore
  collapse library dir [/act/mvapich2-2.1/gcc/lib] ==> [/act/mvapich2-2.1/gcc/lib]
  collapse library dir [/opt/gcc/7.3.0/lib/gcc/x86_64-pc-linux-gnu/7.3.0] ==> [/opt/gcc/7.3.0/lib/gcc/x86_64-pc-linux-gnu/7.3.0]
  collapse library dir [/opt/gcc/7.3.0/lib/gcc/x86_64-pc-linux-gnu/7.3.0/../../../../lib64] ==> [/opt/gcc/7.3.0/lib64]
  collapse library dir [/lib/../lib64] ==> [/lib64]
  collapse library dir [/usr/lib/../lib64] ==> [/usr/lib64]
  collapse library dir [/opt/gcc/7.3.0/lib/gcc/x86_64-pc-linux-gnu/7.3.0/../../..] ==> [/opt/gcc/7.3.0/lib]
  implicit libs: [mpi;gcc;gcc_s;c;gcc;gcc_s]
  implicit dirs: [/act/mvapich2-2.1/gcc/lib;/opt/gcc/7.3.0/lib/gcc/x86_64-pc-linux-gnu/7.3.0;/opt/gcc/7.3.0/lib64;/lib64;/usr/lib64;/opt/gcc/7.3.0/lib]
  implicit fwks: []




Detecting C [-std=c11] compiler features compiled with the following output:
Change Dir: /home/mlee/IBLGF-AMR-parallel-new/builds/CMakeFiles/CMakeTmp

Run Build Command:"/usr/bin/gmake" "cmTC_8a71f/fast"
/usr/bin/gmake -f CMakeFiles/cmTC_8a71f.dir/build.make CMakeFiles/cmTC_8a71f.dir/build
gmake[1]: Entering directory `/home/mlee/IBLGF-AMR-parallel-new/builds/CMakeFiles/CMakeTmp'
Building C object CMakeFiles/cmTC_8a71f.dir/feature_tests.c.o
/act/mvapich2-2.1/gcc/bin/mpicc   -std=c11 -o CMakeFiles/cmTC_8a71f.dir/feature_tests.c.o   -c /home/mlee/IBLGF-AMR-parallel-new/builds/CMakeFiles/feature_tests.c
Linking C executable cmTC_8a71f
/usr/local/bin/cmake -E cmake_link_script CMakeFiles/cmTC_8a71f.dir/link.txt --verbose=1
/act/mvapich2-2.1/gcc/bin/mpicc      -rdynamic CMakeFiles/cmTC_8a71f.dir/feature_tests.c.o  -o cmTC_8a71f 
gmake[1]: Leaving directory `/home/mlee/IBLGF-AMR-parallel-new/builds/CMakeFiles/CMakeTmp'


    Feature record: C_FEATURE:1c_function_prototypes
    Feature record: C_FEATURE:1c_restrict
    Feature record: C_FEATURE:1c_static_assert
    Feature record: C_FEATURE:1c_variadic_macros


Detecting C [-std=c99] compiler features compiled with the following output:
Change Dir: /home/mlee/IBLGF-AMR-parallel-new/builds/CMakeFiles/CMakeTmp

Run Build Command:"/usr/bin/gmake" "cmTC_248c4/fast"
/usr/bin/gmake -f CMakeFiles/cmTC_248c4.dir/build.make CMakeFiles/cmTC_248c4.dir/build
gmake[1]: Entering directory `/home/mlee/IBLGF-AMR-parallel-new/builds/CMakeFiles/CMakeTmp'
Building C object CMakeFiles/cmTC_248c4.dir/feature_tests.c.o
/act/mvapich2-2.1/gcc/bin/mpicc   -std=c99 -o CMakeFiles/cmTC_248c4.dir/feature_tests.c.o   -c /home/mlee/IBLGF-AMR-parallel-new/builds/CMakeFiles/feature_tests.c
Linking C executable cmTC_248c4
/usr/local/bin/cmake -E cmake_link_script CMakeFiles/cmTC_248c4.dir/link.txt --verbose=1
/act/mvapich2-2.1/gcc/bin/mpicc      -rdynamic CMakeFiles/cmTC_248c4.dir/feature_tests.c.o  -o cmTC_248c4 
gmake[1]: Leaving directory `/home/mlee/IBLGF-AMR-parallel-new/builds/CMakeFiles/CMakeTmp'


    Feature record: C_FEATURE:1c_function_prototypes
    Feature record: C_FEATURE:1c_restrict
    Feature record: C_FEATURE:0c_static_assert
    Feature record: C_FEATURE:1c_variadic_macros


Detecting C [-std=c90] compiler features compiled with the following output:
Change Dir: /home/mlee/IBLGF-AMR-parallel-new/builds/CMakeFiles/CMakeTmp

Run Build Command:"/usr/bin/gmake" "cmTC_ea936/fast"
/usr/bin/gmake -f CMakeFiles/cmTC_ea936.dir/build.make CMakeFiles/cmTC_ea936.dir/build
gmake[1]: Entering directory `/home/mlee/IBLGF-AMR-parallel-new/builds/CMakeFiles/CMakeTmp'
Building C object CMakeFiles/cmTC_ea936.dir/feature_tests.c.o
/act/mvapich2-2.1/gcc/bin/mpicc   -std=c90 -o CMakeFiles/cmTC_ea936.dir/feature_tests.c.o   -c /home/mlee/IBLGF-AMR-parallel-new/builds/CMakeFiles/feature_tests.c
Linking C executable cmTC_ea936
/usr/local/bin/cmake -E cmake_link_script CMakeFiles/cmTC_ea936.dir/link.txt --verbose=1
/act/mvapich2-2.1/gcc/bin/mpicc      -rdynamic CMakeFiles/cmTC_ea936.dir/feature_tests.c.o  -o cmTC_ea936 
gmake[1]: Leaving directory `/home/mlee/IBLGF-AMR-parallel-new/builds/CMakeFiles/CMakeTmp'


    Feature record: C_FEATURE:1c_function_prototypes
    Feature record: C_FEATURE:0c_restrict
    Feature record: C_FEATURE:0c_static_assert
    Feature record: C_FEATURE:0c_variadic_macros
Determining if the CXX compiler works passed with the following output:
Change Dir: /home/mlee/IBLGF-AMR-parallel-new/builds/CMakeFiles/CMakeTmp

Run Build Command:"/usr/bin/gmake" "cmTC_a38e0/fast"
/usr/bin/gmake -f CMakeFiles/cmTC_a38e0.dir/build.make CMakeFiles/cmTC_a38e0.dir/build
gmake[1]: Entering directory `/home/mlee/IBLGF-AMR-parallel-new/builds/CMakeFiles/CMakeTmp'
Building CXX object CMakeFiles/cmTC_a38e0.dir/testCXXCompiler.cxx.o
/act/mvapich2-2.1/gcc/bin/mpic++     -o CMakeFiles/cmTC_a38e0.dir/testCXXCompiler.cxx.o -c /home/mlee/IBLGF-AMR-parallel-new/builds/CMakeFiles/CMakeTmp/testCXXCompiler.cxx
Linking CXX executable cmTC_a38e0
/usr/local/bin/cmake -E cmake_link_script CMakeFiles/cmTC_a38e0.dir/link.txt --verbose=1
/act/mvapich2-2.1/gcc/bin/mpic++       -rdynamic CMakeFiles/cmTC_a38e0.dir/testCXXCompiler.cxx.o  -o cmTC_a38e0 
gmake[1]: Leaving directory `/home/mlee/IBLGF-AMR-parallel-new/builds/CMakeFiles/CMakeTmp'


Detecting CXX compiler ABI info compiled with the following output:
Change Dir: /home/mlee/IBLGF-AMR-parallel-new/builds/CMakeFiles/CMakeTmp

Run Build Command:"/usr/bin/gmake" "cmTC_f8e74/fast"
/usr/bin/gmake -f CMakeFiles/cmTC_f8e74.dir/build.make CMakeFiles/cmTC_f8e74.dir/build
gmake[1]: Entering directory `/home/mlee/IBLGF-AMR-parallel-new/builds/CMakeFiles/CMakeTmp'
Building CXX object CMakeFiles/cmTC_f8e74.dir/CMakeCXXCompilerABI.cpp.o
/act/mvapich2-2.1/gcc/bin/mpic++     -o CMakeFiles/cmTC_f8e74.dir/CMakeCXXCompilerABI.cpp.o -c /usr/local/share/cmake-3.12/Modules/CMakeCXXCompilerABI.cpp
Linking CXX executable cmTC_f8e74
/usr/local/bin/cmake -E cmake_link_script CMakeFiles/cmTC_f8e74.dir/link.txt --verbose=1
/act/mvapich2-2.1/gcc/bin/mpic++      -v -rdynamic CMakeFiles/cmTC_f8e74.dir/CMakeCXXCompilerABI.cpp.o  -o cmTC_f8e74 
mpicxx for MVAPICH2 version 2.1
Using built-in specs.
COLLECT_GCC=g++
COLLECT_LTO_WRAPPER=/opt/gcc/7.3.0/libexec/gcc/x86_64-pc-linux-gnu/7.3.0/lto-wrapper
Target: x86_64-pc-linux-gnu
Configured with: ./configure --prefix=/opt/gcc/7.3.0 --with-system-zlib --disable-multilib --enable-languages=c,c++,fortran
Thread model: posix
gcc version 7.3.0 (GCC) 
COMPILER_PATH=/opt/gcc/7.3.0/libexec/gcc/x86_64-pc-linux-gnu/7.3.0/:/opt/gcc/7.3.0/libexec/gcc/x86_64-pc-linux-gnu/7.3.0/:/opt/gcc/7.3.0/libexec/gcc/x86_64-pc-linux-gnu/:/opt/gcc/7.3.0/lib/gcc/x86_64-pc-linux-gnu/7.3.0/:/opt/gcc/7.3.0/lib/gcc/x86_64-pc-linux-gnu/
LIBRARY_PATH=/opt/gcc/7.3.0/lib/gcc/x86_64-pc-linux-gnu/7.3.0/:/opt/gcc/7.3.0/lib/gcc/x86_64-pc-linux-gnu/7.3.0/../../../../lib64/:/lib/../lib64/:/usr/lib/../lib64/:/opt/gcc/7.3.0/lib/gcc/x86_64-pc-linux-gnu/7.3.0/../../../:/lib/:/usr/lib/
COLLECT_GCC_OPTIONS='-v' '-rdynamic' '-o' 'cmTC_f8e74' '-I' '/act/mvapich2-2.1/gcc/include' '-L/act/mvapich2-2.1/gcc/lib' '-shared-libgcc' '-mtune=generic' '-march=x86-64'
 /opt/gcc/7.3.0/libexec/gcc/x86_64-pc-linux-gnu/7.3.0/collect2 -plugin /opt/gcc/7.3.0/libexec/gcc/x86_64-pc-linux-gnu/7.3.0/liblto_plugin.so -plugin-opt=/opt/gcc/7.3.0/libexec/gcc/x86_64-pc-linux-gnu/7.3.0/lto-wrapper -plugin-opt=-fresolution=/tmp/cczzDudV.res -plugin-opt=-pass-through=-lgcc_s -plugin-opt=-pass-through=-lgcc -plugin-opt=-pass-through=-lc -plugin-opt=-pass-through=-lgcc_s -plugin-opt=-pass-through=-lgcc --eh-frame-hdr -m elf_x86_64 -export-dynamic -dynamic-linker /lib64/ld-linux-x86-64.so.2 -o cmTC_f8e74 /lib/../lib64/crt1.o /lib/../lib64/crti.o /opt/gcc/7.3.0/lib/gcc/x86_64-pc-linux-gnu/7.3.0/crtbegin.o -L/act/mvapich2-2.1/gcc/lib -L/opt/gcc/7.3.0/lib/gcc/x86_64-pc-linux-gnu/7.3.0 -L/opt/gcc/7.3.0/lib/gcc/x86_64-pc-linux-gnu/7.3.0/../../../../lib64 -L/lib/../lib64 -L/usr/lib/../lib64 -L/opt/gcc/7.3.0/lib/gcc/x86_64-pc-linux-gnu/7.3.0/../../.. CMakeFiles/cmTC_f8e74.dir/CMakeCXXCompilerABI.cpp.o -lmpicxx -rpath /act/mvapich2-2.1/gcc/lib --enable-new-dtags -lmpi -lstdc++ -lm -lgcc_s -lgcc -lc -lgcc_s -lgcc /opt/gcc/7.3.0/lib/gcc/x86_64-pc-linux-gnu/7.3.0/crtend.o /lib/../lib64/crtn.o
COLLECT_GCC_OPTIONS='-v' '-rdynamic' '-o' 'cmTC_f8e74' '-I' '/act/mvapich2-2.1/gcc/include' '-L/act/mvapich2-2.1/gcc/lib' '-shared-libgcc' '-mtune=generic' '-march=x86-64'
gmake[1]: Leaving directory `/home/mlee/IBLGF-AMR-parallel-new/builds/CMakeFiles/CMakeTmp'


Parsed CXX implicit link information from above output:
  link line regex: [^( *|.*[/\])(ld|CMAKE_LINK_STARTFILE-NOTFOUND|([^/\]+-)?ld|collect2)[^/\]*( |$)]
  ignore line: [Change Dir: /home/mlee/IBLGF-AMR-parallel-new/builds/CMakeFiles/CMakeTmp]
  ignore line: []
  ignore line: [Run Build Command:"/usr/bin/gmake" "cmTC_f8e74/fast"]
  ignore line: [/usr/bin/gmake -f CMakeFiles/cmTC_f8e74.dir/build.make CMakeFiles/cmTC_f8e74.dir/build]
  ignore line: [gmake[1]: Entering directory `/home/mlee/IBLGF-AMR-parallel-new/builds/CMakeFiles/CMakeTmp']
  ignore line: [Building CXX object CMakeFiles/cmTC_f8e74.dir/CMakeCXXCompilerABI.cpp.o]
  ignore line: [/act/mvapich2-2.1/gcc/bin/mpic++     -o CMakeFiles/cmTC_f8e74.dir/CMakeCXXCompilerABI.cpp.o -c /usr/local/share/cmake-3.12/Modules/CMakeCXXCompilerABI.cpp]
  ignore line: [Linking CXX executable cmTC_f8e74]
  ignore line: [/usr/local/bin/cmake -E cmake_link_script CMakeFiles/cmTC_f8e74.dir/link.txt --verbose=1]
  ignore line: [/act/mvapich2-2.1/gcc/bin/mpic++      -v -rdynamic CMakeFiles/cmTC_f8e74.dir/CMakeCXXCompilerABI.cpp.o  -o cmTC_f8e74 ]
  ignore line: [mpicxx for MVAPICH2 version 2.1]
  ignore line: [Using built-in specs.]
  ignore line: [COLLECT_GCC=g++]
  ignore line: [COLLECT_LTO_WRAPPER=/opt/gcc/7.3.0/libexec/gcc/x86_64-pc-linux-gnu/7.3.0/lto-wrapper]
  ignore line: [Target: x86_64-pc-linux-gnu]
  ignore line: [Configured with: ./configure --prefix=/opt/gcc/7.3.0 --with-system-zlib --disable-multilib --enable-languages=c,c++,fortran]
  ignore line: [Thread model: posix]
  ignore line: [gcc version 7.3.0 (GCC) ]
  ignore line: [COMPILER_PATH=/opt/gcc/7.3.0/libexec/gcc/x86_64-pc-linux-gnu/7.3.0/:/opt/gcc/7.3.0/libexec/gcc/x86_64-pc-linux-gnu/7.3.0/:/opt/gcc/7.3.0/libexec/gcc/x86_64-pc-linux-gnu/:/opt/gcc/7.3.0/lib/gcc/x86_64-pc-linux-gnu/7.3.0/:/opt/gcc/7.3.0/lib/gcc/x86_64-pc-linux-gnu/]
  ignore line: [LIBRARY_PATH=/opt/gcc/7.3.0/lib/gcc/x86_64-pc-linux-gnu/7.3.0/:/opt/gcc/7.3.0/lib/gcc/x86_64-pc-linux-gnu/7.3.0/../../../../lib64/:/lib/../lib64/:/usr/lib/../lib64/:/opt/gcc/7.3.0/lib/gcc/x86_64-pc-linux-gnu/7.3.0/../../../:/lib/:/usr/lib/]
  ignore line: [COLLECT_GCC_OPTIONS='-v' '-rdynamic' '-o' 'cmTC_f8e74' '-I' '/act/mvapich2-2.1/gcc/include' '-L/act/mvapich2-2.1/gcc/lib' '-shared-libgcc' '-mtune=generic' '-march=x86-64']
  link line: [ /opt/gcc/7.3.0/libexec/gcc/x86_64-pc-linux-gnu/7.3.0/collect2 -plugin /opt/gcc/7.3.0/libexec/gcc/x86_64-pc-linux-gnu/7.3.0/liblto_plugin.so -plugin-opt=/opt/gcc/7.3.0/libexec/gcc/x86_64-pc-linux-gnu/7.3.0/lto-wrapper -plugin-opt=-fresolution=/tmp/cczzDudV.res -plugin-opt=-pass-through=-lgcc_s -plugin-opt=-pass-through=-lgcc -plugin-opt=-pass-through=-lc -plugin-opt=-pass-through=-lgcc_s -plugin-opt=-pass-through=-lgcc --eh-frame-hdr -m elf_x86_64 -export-dynamic -dynamic-linker /lib64/ld-linux-x86-64.so.2 -o cmTC_f8e74 /lib/../lib64/crt1.o /lib/../lib64/crti.o /opt/gcc/7.3.0/lib/gcc/x86_64-pc-linux-gnu/7.3.0/crtbegin.o -L/act/mvapich2-2.1/gcc/lib -L/opt/gcc/7.3.0/lib/gcc/x86_64-pc-linux-gnu/7.3.0 -L/opt/gcc/7.3.0/lib/gcc/x86_64-pc-linux-gnu/7.3.0/../../../../lib64 -L/lib/../lib64 -L/usr/lib/../lib64 -L/opt/gcc/7.3.0/lib/gcc/x86_64-pc-linux-gnu/7.3.0/../../.. CMakeFiles/cmTC_f8e74.dir/CMakeCXXCompilerABI.cpp.o -lmpicxx -rpath /act/mvapich2-2.1/gcc/lib --enable-new-dtags -lmpi -lstdc++ -lm -lgcc_s -lgcc -lc -lgcc_s -lgcc /opt/gcc/7.3.0/lib/gcc/x86_64-pc-linux-gnu/7.3.0/crtend.o /lib/../lib64/crtn.o]
    arg [/opt/gcc/7.3.0/libexec/gcc/x86_64-pc-linux-gnu/7.3.0/collect2] ==> ignore
    arg [-plugin] ==> ignore
    arg [/opt/gcc/7.3.0/libexec/gcc/x86_64-pc-linux-gnu/7.3.0/liblto_plugin.so] ==> ignore
    arg [-plugin-opt=/opt/gcc/7.3.0/libexec/gcc/x86_64-pc-linux-gnu/7.3.0/lto-wrapper] ==> ignore
    arg [-plugin-opt=-fresolution=/tmp/cczzDudV.res] ==> ignore
    arg [-plugin-opt=-pass-through=-lgcc_s] ==> ignore
    arg [-plugin-opt=-pass-through=-lgcc] ==> ignore
    arg [-plugin-opt=-pass-through=-lc] ==> ignore
    arg [-plugin-opt=-pass-through=-lgcc_s] ==> ignore
    arg [-plugin-opt=-pass-through=-lgcc] ==> ignore
    arg [--eh-frame-hdr] ==> ignore
    arg [-m] ==> ignore
    arg [elf_x86_64] ==> ignore
    arg [-export-dynamic] ==> ignore
    arg [-dynamic-linker] ==> ignore
    arg [/lib64/ld-linux-x86-64.so.2] ==> ignore
    arg [-o] ==> ignore
    arg [cmTC_f8e74] ==> ignore
    arg [/lib/../lib64/crt1.o] ==> ignore
    arg [/lib/../lib64/crti.o] ==> ignore
    arg [/opt/gcc/7.3.0/lib/gcc/x86_64-pc-linux-gnu/7.3.0/crtbegin.o] ==> ignore
    arg [-L/act/mvapich2-2.1/gcc/lib] ==> dir [/act/mvapich2-2.1/gcc/lib]
    arg [-L/opt/gcc/7.3.0/lib/gcc/x86_64-pc-linux-gnu/7.3.0] ==> dir [/opt/gcc/7.3.0/lib/gcc/x86_64-pc-linux-gnu/7.3.0]
    arg [-L/opt/gcc/7.3.0/lib/gcc/x86_64-pc-linux-gnu/7.3.0/../../../../lib64] ==> dir [/opt/gcc/7.3.0/lib/gcc/x86_64-pc-linux-gnu/7.3.0/../../../../lib64]
    arg [-L/lib/../lib64] ==> dir [/lib/../lib64]
    arg [-L/usr/lib/../lib64] ==> dir [/usr/lib/../lib64]
    arg [-L/opt/gcc/7.3.0/lib/gcc/x86_64-pc-linux-gnu/7.3.0/../../..] ==> dir [/opt/gcc/7.3.0/lib/gcc/x86_64-pc-linux-gnu/7.3.0/../../..]
    arg [CMakeFiles/cmTC_f8e74.dir/CMakeCXXCompilerABI.cpp.o] ==> ignore
    arg [-lmpicxx] ==> lib [mpicxx]
    arg [-rpath] ==> ignore
    arg [/act/mvapich2-2.1/gcc/lib] ==> ignore
    arg [--enable-new-dtags] ==> ignore
    arg [-lmpi] ==> lib [mpi]
    arg [-lstdc++] ==> lib [stdc++]
    arg [-lm] ==> lib [m]
    arg [-lgcc_s] ==> lib [gcc_s]
    arg [-lgcc] ==> lib [gcc]
    arg [-lc] ==> lib [c]
    arg [-lgcc_s] ==> lib [gcc_s]
    arg [-lgcc] ==> lib [gcc]
    arg [/opt/gcc/7.3.0/lib/gcc/x86_64-pc-linux-gnu/7.3.0/crtend.o] ==> ignore
    arg [/lib/../lib64/crtn.o] ==> ignore
  collapse library dir [/act/mvapich2-2.1/gcc/lib] ==> [/act/mvapich2-2.1/gcc/lib]
  collapse library dir [/opt/gcc/7.3.0/lib/gcc/x86_64-pc-linux-gnu/7.3.0] ==> [/opt/gcc/7.3.0/lib/gcc/x86_64-pc-linux-gnu/7.3.0]
  collapse library dir [/opt/gcc/7.3.0/lib/gcc/x86_64-pc-linux-gnu/7.3.0/../../../../lib64] ==> [/opt/gcc/7.3.0/lib64]
  collapse library dir [/lib/../lib64] ==> [/lib64]
  collapse library dir [/usr/lib/../lib64] ==> [/usr/lib64]
  collapse library dir [/opt/gcc/7.3.0/lib/gcc/x86_64-pc-linux-gnu/7.3.0/../../..] ==> [/opt/gcc/7.3.0/lib]
  implicit libs: [mpicxx;mpi;stdc++;m;gcc_s;gcc;c;gcc_s;gcc]
  implicit dirs: [/act/mvapich2-2.1/gcc/lib;/opt/gcc/7.3.0/lib/gcc/x86_64-pc-linux-gnu/7.3.0;/opt/gcc/7.3.0/lib64;/lib64;/usr/lib64;/opt/gcc/7.3.0/lib]
  implicit fwks: []




Detecting CXX [-std=c++1z] compiler features compiled with the following output:
Change Dir: /home/mlee/IBLGF-AMR-parallel-new/builds/CMakeFiles/CMakeTmp

Run Build Command:"/usr/bin/gmake" "cmTC_bf098/fast"
/usr/bin/gmake -f CMakeFiles/cmTC_bf098.dir/build.make CMakeFiles/cmTC_bf098.dir/build
gmake[1]: Entering directory `/home/mlee/IBLGF-AMR-parallel-new/builds/CMakeFiles/CMakeTmp'
Building CXX object CMakeFiles/cmTC_bf098.dir/feature_tests.cxx.o
/act/mvapich2-2.1/gcc/bin/mpic++    -std=c++1z -o CMakeFiles/cmTC_bf098.dir/feature_tests.cxx.o -c /home/mlee/IBLGF-AMR-parallel-new/builds/CMakeFiles/feature_tests.cxx
Linking CXX executable cmTC_bf098
/usr/local/bin/cmake -E cmake_link_script CMakeFiles/cmTC_bf098.dir/link.txt --verbose=1
/act/mvapich2-2.1/gcc/bin/mpic++       -rdynamic CMakeFiles/cmTC_bf098.dir/feature_tests.cxx.o  -o cmTC_bf098 
gmake[1]: Leaving directory `/home/mlee/IBLGF-AMR-parallel-new/builds/CMakeFiles/CMakeTmp'


    Feature record: CXX_FEATURE:1cxx_aggregate_default_initializers
    Feature record: CXX_FEATURE:1cxx_alias_templates
    Feature record: CXX_FEATURE:1cxx_alignas
    Feature record: CXX_FEATURE:1cxx_alignof
    Feature record: CXX_FEATURE:1cxx_attributes
    Feature record: CXX_FEATURE:1cxx_attribute_deprecated
    Feature record: CXX_FEATURE:1cxx_auto_type
    Feature record: CXX_FEATURE:1cxx_binary_literals
    Feature record: CXX_FEATURE:1cxx_constexpr
    Feature record: CXX_FEATURE:1cxx_contextual_conversions
    Feature record: CXX_FEATURE:1cxx_decltype
    Feature record: CXX_FEATURE:1cxx_decltype_auto
    Feature record: CXX_FEATURE:1cxx_decltype_incomplete_return_types
    Feature record: CXX_FEATURE:1cxx_default_function_template_args
    Feature record: CXX_FEATURE:1cxx_defaulted_functions
    Feature record: CXX_FEATURE:1cxx_defaulted_move_initializers
    Feature record: CXX_FEATURE:1cxx_delegating_constructors
    Feature record: CXX_FEATURE:1cxx_deleted_functions
    Feature record: CXX_FEATURE:1cxx_digit_separators
    Feature record: CXX_FEATURE:1cxx_enum_forward_declarations
    Feature record: CXX_FEATURE:1cxx_explicit_conversions
    Feature record: CXX_FEATURE:1cxx_extended_friend_declarations
    Feature record: CXX_FEATURE:1cxx_extern_templates
    Feature record: CXX_FEATURE:1cxx_final
    Feature record: CXX_FEATURE:1cxx_func_identifier
    Feature record: CXX_FEATURE:1cxx_generalized_initializers
    Feature record: CXX_FEATURE:1cxx_generic_lambdas
    Feature record: CXX_FEATURE:1cxx_inheriting_constructors
    Feature record: CXX_FEATURE:1cxx_inline_namespaces
    Feature record: CXX_FEATURE:1cxx_lambdas
    Feature record: CXX_FEATURE:1cxx_lambda_init_captures
    Feature record: CXX_FEATURE:1cxx_local_type_template_args
    Feature record: CXX_FEATURE:1cxx_long_long_type
    Feature record: CXX_FEATURE:1cxx_noexcept
    Feature record: CXX_FEATURE:1cxx_nonstatic_member_init
    Feature record: CXX_FEATURE:1cxx_nullptr
    Feature record: CXX_FEATURE:1cxx_override
    Feature record: CXX_FEATURE:1cxx_range_for
    Feature record: CXX_FEATURE:1cxx_raw_string_literals
    Feature record: CXX_FEATURE:1cxx_reference_qualified_functions
    Feature record: CXX_FEATURE:1cxx_relaxed_constexpr
    Feature record: CXX_FEATURE:1cxx_return_type_deduction
    Feature record: CXX_FEATURE:1cxx_right_angle_brackets
    Feature record: CXX_FEATURE:1cxx_rvalue_references
    Feature record: CXX_FEATURE:1cxx_sizeof_member
    Feature record: CXX_FEATURE:1cxx_static_assert
    Feature record: CXX_FEATURE:1cxx_strong_enums
    Feature record: CXX_FEATURE:1cxx_template_template_parameters
    Feature record: CXX_FEATURE:1cxx_thread_local
    Feature record: CXX_FEATURE:1cxx_trailing_return_types
    Feature record: CXX_FEATURE:1cxx_unicode_literals
    Feature record: CXX_FEATURE:1cxx_uniform_initialization
    Feature record: CXX_FEATURE:1cxx_unrestricted_unions
    Feature record: CXX_FEATURE:1cxx_user_literals
    Feature record: CXX_FEATURE:1cxx_variable_templates
    Feature record: CXX_FEATURE:1cxx_variadic_macros
    Feature record: CXX_FEATURE:1cxx_variadic_templates


Detecting CXX [-std=c++14] compiler features compiled with the following output:
Change Dir: /home/mlee/IBLGF-AMR-parallel-new/builds/CMakeFiles/CMakeTmp

Run Build Command:"/usr/bin/gmake" "cmTC_2d11d/fast"
/usr/bin/gmake -f CMakeFiles/cmTC_2d11d.dir/build.make CMakeFiles/cmTC_2d11d.dir/build
gmake[1]: Entering directory `/home/mlee/IBLGF-AMR-parallel-new/builds/CMakeFiles/CMakeTmp'
Building CXX object CMakeFiles/cmTC_2d11d.dir/feature_tests.cxx.o
/act/mvapich2-2.1/gcc/bin/mpic++    -std=c++14 -o CMakeFiles/cmTC_2d11d.dir/feature_tests.cxx.o -c /home/mlee/IBLGF-AMR-parallel-new/builds/CMakeFiles/feature_tests.cxx
Linking CXX executable cmTC_2d11d
/usr/local/bin/cmake -E cmake_link_script CMakeFiles/cmTC_2d11d.dir/link.txt --verbose=1
/act/mvapich2-2.1/gcc/bin/mpic++       -rdynamic CMakeFiles/cmTC_2d11d.dir/feature_tests.cxx.o  -o cmTC_2d11d 
gmake[1]: Leaving directory `/home/mlee/IBLGF-AMR-parallel-new/builds/CMakeFiles/CMakeTmp'


    Feature record: CXX_FEATURE:1cxx_aggregate_default_initializers
    Feature record: CXX_FEATURE:1cxx_alias_templates
    Feature record: CXX_FEATURE:1cxx_alignas
    Feature record: CXX_FEATURE:1cxx_alignof
    Feature record: CXX_FEATURE:1cxx_attributes
    Feature record: CXX_FEATURE:1cxx_attribute_deprecated
    Feature record: CXX_FEATURE:1cxx_auto_type
    Feature record: CXX_FEATURE:1cxx_binary_literals
    Feature record: CXX_FEATURE:1cxx_constexpr
    Feature record: CXX_FEATURE:1cxx_contextual_conversions
    Feature record: CXX_FEATURE:1cxx_decltype
    Feature record: CXX_FEATURE:1cxx_decltype_auto
    Feature record: CXX_FEATURE:1cxx_decltype_incomplete_return_types
    Feature record: CXX_FEATURE:1cxx_default_function_template_args
    Feature record: CXX_FEATURE:1cxx_defaulted_functions
    Feature record: CXX_FEATURE:1cxx_defaulted_move_initializers
    Feature record: CXX_FEATURE:1cxx_delegating_constructors
    Feature record: CXX_FEATURE:1cxx_deleted_functions
    Feature record: CXX_FEATURE:1cxx_digit_separators
    Feature record: CXX_FEATURE:1cxx_enum_forward_declarations
    Feature record: CXX_FEATURE:1cxx_explicit_conversions
    Feature record: CXX_FEATURE:1cxx_extended_friend_declarations
    Feature record: CXX_FEATURE:1cxx_extern_templates
    Feature record: CXX_FEATURE:1cxx_final
    Feature record: CXX_FEATURE:1cxx_func_identifier
    Feature record: CXX_FEATURE:1cxx_generalized_initializers
    Feature record: CXX_FEATURE:1cxx_generic_lambdas
    Feature record: CXX_FEATURE:1cxx_inheriting_constructors
    Feature record: CXX_FEATURE:1cxx_inline_namespaces
    Feature record: CXX_FEATURE:1cxx_lambdas
    Feature record: CXX_FEATURE:1cxx_lambda_init_captures
    Feature record: CXX_FEATURE:1cxx_local_type_template_args
    Feature record: CXX_FEATURE:1cxx_long_long_type
    Feature record: CXX_FEATURE:1cxx_noexcept
    Feature record: CXX_FEATURE:1cxx_nonstatic_member_init
    Feature record: CXX_FEATURE:1cxx_nullptr
    Feature record: CXX_FEATURE:1cxx_override
    Feature record: CXX_FEATURE:1cxx_range_for
    Feature record: CXX_FEATURE:1cxx_raw_string_literals
    Feature record: CXX_FEATURE:1cxx_reference_qualified_functions
    Feature record: CXX_FEATURE:1cxx_relaxed_constexpr
    Feature record: CXX_FEATURE:1cxx_return_type_deduction
    Feature record: CXX_FEATURE:1cxx_right_angle_brackets
    Feature record: CXX_FEATURE:1cxx_rvalue_references
    Feature record: CXX_FEATURE:1cxx_sizeof_member
    Feature record: CXX_FEATURE:1cxx_static_assert
    Feature record: CXX_FEATURE:1cxx_strong_enums
    Feature record: CXX_FEATURE:1cxx_template_template_parameters
    Feature record: CXX_FEATURE:1cxx_thread_local
    Feature record: CXX_FEATURE:1cxx_trailing_return_types
    Feature record: CXX_FEATURE:1cxx_unicode_literals
    Feature record: CXX_FEATURE:1cxx_uniform_initialization
    Feature record: CXX_FEATURE:1cxx_unrestricted_unions
    Feature record: CXX_FEATURE:1cxx_user_literals
    Feature record: CXX_FEATURE:1cxx_variable_templates
    Feature record: CXX_FEATURE:1cxx_variadic_macros
    Feature record: CXX_FEATURE:1cxx_variadic_templates


Detecting CXX [-std=c++11] compiler features compiled with the following output:
Change Dir: /home/mlee/IBLGF-AMR-parallel-new/builds/CMakeFiles/CMakeTmp

Run Build Command:"/usr/bin/gmake" "cmTC_fc50d/fast"
/usr/bin/gmake -f CMakeFiles/cmTC_fc50d.dir/build.make CMakeFiles/cmTC_fc50d.dir/build
gmake[1]: Entering directory `/home/mlee/IBLGF-AMR-parallel-new/builds/CMakeFiles/CMakeTmp'
Building CXX object CMakeFiles/cmTC_fc50d.dir/feature_tests.cxx.o
/act/mvapich2-2.1/gcc/bin/mpic++    -std=c++11 -o CMakeFiles/cmTC_fc50d.dir/feature_tests.cxx.o -c /home/mlee/IBLGF-AMR-parallel-new/builds/CMakeFiles/feature_tests.cxx
Linking CXX executable cmTC_fc50d
/usr/local/bin/cmake -E cmake_link_script CMakeFiles/cmTC_fc50d.dir/link.txt --verbose=1
/act/mvapich2-2.1/gcc/bin/mpic++       -rdynamic CMakeFiles/cmTC_fc50d.dir/feature_tests.cxx.o  -o cmTC_fc50d 
gmake[1]: Leaving directory `/home/mlee/IBLGF-AMR-parallel-new/builds/CMakeFiles/CMakeTmp'


    Feature record: CXX_FEATURE:0cxx_aggregate_default_initializers
    Feature record: CXX_FEATURE:1cxx_alias_templates
    Feature record: CXX_FEATURE:1cxx_alignas
    Feature record: CXX_FEATURE:1cxx_alignof
    Feature record: CXX_FEATURE:1cxx_attributes
    Feature record: CXX_FEATURE:0cxx_attribute_deprecated
    Feature record: CXX_FEATURE:1cxx_auto_type
    Feature record: CXX_FEATURE:0cxx_binary_literals
    Feature record: CXX_FEATURE:1cxx_constexpr
    Feature record: CXX_FEATURE:0cxx_contextual_conversions
    Feature record: CXX_FEATURE:1cxx_decltype
    Feature record: CXX_FEATURE:0cxx_decltype_auto
    Feature record: CXX_FEATURE:1cxx_decltype_incomplete_return_types
    Feature record: CXX_FEATURE:1cxx_default_function_template_args
    Feature record: CXX_FEATURE:1cxx_defaulted_functions
    Feature record: CXX_FEATURE:1cxx_defaulted_move_initializers
    Feature record: CXX_FEATURE:1cxx_delegating_constructors
    Feature record: CXX_FEATURE:1cxx_deleted_functions
    Feature record: CXX_FEATURE:0cxx_digit_separators
    Feature record: CXX_FEATURE:1cxx_enum_forward_declarations
    Feature record: CXX_FEATURE:1cxx_explicit_conversions
    Feature record: CXX_FEATURE:1cxx_extended_friend_declarations
    Feature record: CXX_FEATURE:1cxx_extern_templates
    Feature record: CXX_FEATURE:1cxx_final
    Feature record: CXX_FEATURE:1cxx_func_identifier
    Feature record: CXX_FEATURE:1cxx_generalized_initializers
    Feature record: CXX_FEATURE:0cxx_generic_lambdas
    Feature record: CXX_FEATURE:1cxx_inheriting_constructors
    Feature record: CXX_FEATURE:1cxx_inline_namespaces
    Feature record: CXX_FEATURE:1cxx_lambdas
    Feature record: CXX_FEATURE:0cxx_lambda_init_captures
    Feature record: CXX_FEATURE:1cxx_local_type_template_args
    Feature record: CXX_FEATURE:1cxx_long_long_type
    Feature record: CXX_FEATURE:1cxx_noexcept
    Feature record: CXX_FEATURE:1cxx_nonstatic_member_init
    Feature record: CXX_FEATURE:1cxx_nullptr
    Feature record: CXX_FEATURE:1cxx_override
    Feature record: CXX_FEATURE:1cxx_range_for
    Feature record: CXX_FEATURE:1cxx_raw_string_literals
    Feature record: CXX_FEATURE:1cxx_reference_qualified_functions
    Feature record: CXX_FEATURE:0cxx_relaxed_constexpr
    Feature record: CXX_FEATURE:0cxx_return_type_deduction
    Feature record: CXX_FEATURE:1cxx_right_angle_brackets
    Feature record: CXX_FEATURE:1cxx_rvalue_references
    Feature record: CXX_FEATURE:1cxx_sizeof_member
    Feature record: CXX_FEATURE:1cxx_static_assert
    Feature record: CXX_FEATURE:1cxx_strong_enums
    Feature record: CXX_FEATURE:1cxx_template_template_parameters
    Feature record: CXX_FEATURE:1cxx_thread_local
    Feature record: CXX_FEATURE:1cxx_trailing_return_types
    Feature record: CXX_FEATURE:1cxx_unicode_literals
    Feature record: CXX_FEATURE:1cxx_uniform_initialization
    Feature record: CXX_FEATURE:1cxx_unrestricted_unions
    Feature record: CXX_FEATURE:1cxx_user_literals
    Feature record: CXX_FEATURE:0cxx_variable_templates
    Feature record: CXX_FEATURE:1cxx_variadic_macros
    Feature record: CXX_FEATURE:1cxx_variadic_templates


Detecting CXX [-std=c++98] compiler features compiled with the following output:
Change Dir: /home/mlee/IBLGF-AMR-parallel-new/builds/CMakeFiles/CMakeTmp

Run Build Command:"/usr/bin/gmake" "cmTC_532e4/fast"
/usr/bin/gmake -f CMakeFiles/cmTC_532e4.dir/build.make CMakeFiles/cmTC_532e4.dir/build
gmake[1]: Entering directory `/home/mlee/IBLGF-AMR-parallel-new/builds/CMakeFiles/CMakeTmp'
Building CXX object CMakeFiles/cmTC_532e4.dir/feature_tests.cxx.o
/act/mvapich2-2.1/gcc/bin/mpic++    -std=c++98 -o CMakeFiles/cmTC_532e4.dir/feature_tests.cxx.o -c /home/mlee/IBLGF-AMR-parallel-new/builds/CMakeFiles/feature_tests.cxx
Linking CXX executable cmTC_532e4
/usr/local/bin/cmake -E cmake_link_script CMakeFiles/cmTC_532e4.dir/link.txt --verbose=1
/act/mvapich2-2.1/gcc/bin/mpic++       -rdynamic CMakeFiles/cmTC_532e4.dir/feature_tests.cxx.o  -o cmTC_532e4 
gmake[1]: Leaving directory `/home/mlee/IBLGF-AMR-parallel-new/builds/CMakeFiles/CMakeTmp'


    Feature record: CXX_FEATURE:0cxx_aggregate_default_initializers
    Feature record: CXX_FEATURE:0cxx_alias_templates
    Feature record: CXX_FEATURE:0cxx_alignas
    Feature record: CXX_FEATURE:0cxx_alignof
    Feature record: CXX_FEATURE:0cxx_attributes
    Feature record: CXX_FEATURE:0cxx_attribute_deprecated
    Feature record: CXX_FEATURE:0cxx_auto_type
    Feature record: CXX_FEATURE:0cxx_binary_literals
    Feature record: CXX_FEATURE:0cxx_constexpr
    Feature record: CXX_FEATURE:0cxx_contextual_conversions
    Feature record: CXX_FEATURE:0cxx_decltype
    Feature record: CXX_FEATURE:0cxx_decltype_auto
    Feature record: CXX_FEATURE:0cxx_decltype_incomplete_return_types
    Feature record: CXX_FEATURE:0cxx_default_function_template_args
    Feature record: CXX_FEATURE:0cxx_defaulted_functions
    Feature record: CXX_FEATURE:0cxx_defaulted_move_initializers
    Feature record: CXX_FEATURE:0cxx_delegating_constructors
    Feature record: CXX_FEATURE:0cxx_deleted_functions
    Feature record: CXX_FEATURE:0cxx_digit_separators
    Feature record: CXX_FEATURE:0cxx_enum_forward_declarations
    Feature record: CXX_FEATURE:0cxx_explicit_conversions
    Feature record: CXX_FEATURE:0cxx_extended_friend_declarations
    Feature record: CXX_FEATURE:0cxx_extern_templates
    Feature record: CXX_FEATURE:0cxx_final
    Feature record: CXX_FEATURE:0cxx_func_identifier
    Feature record: CXX_FEATURE:0cxx_generalized_initializers
    Feature record: CXX_FEATURE:0cxx_generic_lambdas
    Feature record: CXX_FEATURE:0cxx_inheriting_constructors
    Feature record: CXX_FEATURE:0cxx_inline_namespaces
    Feature record: CXX_FEATURE:0cxx_lambdas
    Feature record: CXX_FEATURE:0cxx_lambda_init_captures
    Feature record: CXX_FEATURE:0cxx_local_type_template_args
    Feature record: CXX_FEATURE:0cxx_long_long_type
    Feature record: CXX_FEATURE:0cxx_noexcept
    Feature record: CXX_FEATURE:0cxx_nonstatic_member_init
    Feature record: CXX_FEATURE:0cxx_nullptr
    Feature record: CXX_FEATURE:0cxx_override
    Feature record: CXX_FEATURE:0cxx_range_for
    Feature record: CXX_FEATURE:0cxx_raw_string_literals
    Feature record: CXX_FEATURE:0cxx_reference_qualified_functions
    Feature record: CXX_FEATURE:0cxx_relaxed_constexpr
    Feature record: CXX_FEATURE:0cxx_return_type_deduction
    Feature record: CXX_FEATURE:0cxx_right_angle_brackets
    Feature record: CXX_FEATURE:0cxx_rvalue_references
    Feature record: CXX_FEATURE:0cxx_sizeof_member
    Feature record: CXX_FEATURE:0cxx_static_assert
    Feature record: CXX_FEATURE:0cxx_strong_enums
    Feature record: CXX_FEATURE:1cxx_template_template_parameters
    Feature record: CXX_FEATURE:0cxx_thread_local
    Feature record: CXX_FEATURE:0cxx_trailing_return_types
    Feature record: CXX_FEATURE:0cxx_unicode_literals
    Feature record: CXX_FEATURE:0cxx_uniform_initialization
    Feature record: CXX_FEATURE:0cxx_unrestricted_unions
    Feature record: CXX_FEATURE:0cxx_user_literals
    Feature record: CXX_FEATURE:0cxx_variable_templates
    Feature record: CXX_FEATURE:0cxx_variadic_macros
    Feature record: CXX_FEATURE:0cxx_variadic_templates
Determining if the function sgemm_ exists passed with the following output:
Change Dir: /home/mlee/IBLGF-AMR-parallel-new/builds/CMakeFiles/CMakeTmp

Run Build Command:"/usr/bin/gmake" "cmTC_d806d/fast"
/usr/bin/gmake -f CMakeFiles/cmTC_d806d.dir/build.make CMakeFiles/cmTC_d806d.dir/build
gmake[1]: Entering directory `/home/mlee/IBLGF-AMR-parallel-new/builds/CMakeFiles/CMakeTmp'
Building C object CMakeFiles/cmTC_d806d.dir/CheckFunctionExists.c.o
/act/mvapich2-2.1/gcc/bin/mpicc   -DCHECK_FUNCTION_EXISTS=sgemm_   -o CMakeFiles/cmTC_d806d.dir/CheckFunctionExists.c.o   -c /usr/local/share/cmake-3.12/Modules/CheckFunctionExists.c
Linking C executable cmTC_d806d
/usr/local/bin/cmake -E cmake_link_script CMakeFiles/cmTC_d806d.dir/link.txt --verbose=1
/act/mvapich2-2.1/gcc/bin/mpicc  -DCHECK_FUNCTION_EXISTS=sgemm_    -rdynamic CMakeFiles/cmTC_d806d.dir/CheckFunctionExists.c.o  -o cmTC_d806d /usr/lib64/libopenblas.so 
gmake[1]: Leaving directory `/home/mlee/IBLGF-AMR-parallel-new/builds/CMakeFiles/CMakeTmp'


Determining if the include file pthread.h exists passed with the following output:
Change Dir: /home/mlee/IBLGF-AMR-parallel-new/builds/CMakeFiles/CMakeTmp

Run Build Command:"/usr/bin/gmake" "cmTC_fb946/fast"
/usr/bin/gmake -f CMakeFiles/cmTC_fb946.dir/build.make CMakeFiles/cmTC_fb946.dir/build
gmake[1]: Entering directory `/home/mlee/IBLGF-AMR-parallel-new/builds/CMakeFiles/CMakeTmp'
Building C object CMakeFiles/cmTC_fb946.dir/CheckIncludeFile.c.o
/act/mvapich2-2.1/gcc/bin/mpicc    -o CMakeFiles/cmTC_fb946.dir/CheckIncludeFile.c.o   -c /home/mlee/IBLGF-AMR-parallel-new/builds/CMakeFiles/CMakeTmp/CheckIncludeFile.c
Linking C executable cmTC_fb946
/usr/local/bin/cmake -E cmake_link_script CMakeFiles/cmTC_fb946.dir/link.txt --verbose=1
/act/mvapich2-2.1/gcc/bin/mpicc      -rdynamic CMakeFiles/cmTC_fb946.dir/CheckIncludeFile.c.o  -o cmTC_fb946 
gmake[1]: Leaving directory `/home/mlee/IBLGF-AMR-parallel-new/builds/CMakeFiles/CMakeTmp'


Determining if the function pthread_create exists in the pthread passed with the following output:
Change Dir: /home/mlee/IBLGF-AMR-parallel-new/builds/CMakeFiles/CMakeTmp

Run Build Command:"/usr/bin/gmake" "cmTC_08a19/fast"
/usr/bin/gmake -f CMakeFiles/cmTC_08a19.dir/build.make CMakeFiles/cmTC_08a19.dir/build
gmake[1]: Entering directory `/home/mlee/IBLGF-AMR-parallel-new/builds/CMakeFiles/CMakeTmp'
Building C object CMakeFiles/cmTC_08a19.dir/CheckFunctionExists.c.o
/act/mvapich2-2.1/gcc/bin/mpicc   -DCHECK_FUNCTION_EXISTS=pthread_create   -o CMakeFiles/cmTC_08a19.dir/CheckFunctionExists.c.o   -c /usr/local/share/cmake-3.12/Modules/CheckFunctionExists.c
Linking C executable cmTC_08a19
/usr/local/bin/cmake -E cmake_link_script CMakeFiles/cmTC_08a19.dir/link.txt --verbose=1
/act/mvapich2-2.1/gcc/bin/mpicc  -DCHECK_FUNCTION_EXISTS=pthread_create    -rdynamic CMakeFiles/cmTC_08a19.dir/CheckFunctionExists.c.o  -o cmTC_08a19 -lpthread 
gmake[1]: Leaving directory `/home/mlee/IBLGF-AMR-parallel-new/builds/CMakeFiles/CMakeTmp'


