Determining if the pthread_create exist failed with the following output:
Change Dir: /home/mlee/IBLGF-AMR-parallel-new/builds/CMakeFiles/CMakeTmp

Run Build Command:"/usr/bin/gmake" "cmTC_acfc7/fast"
/usr/bin/gmake -f CMakeFiles/cmTC_acfc7.dir/build.make CMakeFiles/cmTC_acfc7.dir/build
gmake[1]: Entering directory `/home/mlee/IBLGF-AMR-parallel-new/builds/CMakeFiles/CMakeTmp'
Building C object CMakeFiles/cmTC_acfc7.dir/CheckSymbolExists.c.o
/act/mvapich2-2.1/gcc/bin/mpicc    -o CMakeFiles/cmTC_acfc7.dir/CheckSymbolExists.c.o   -c /home/mlee/IBLGF-AMR-parallel-new/builds/CMakeFiles/CMakeTmp/CheckSymbolExists.c
Linking C executable cmTC_acfc7
/usr/local/bin/cmake -E cmake_link_script CMakeFiles/cmTC_acfc7.dir/link.txt --verbose=1
/act/mvapich2-2.1/gcc/bin/mpicc      -rdynamic CMakeFiles/cmTC_acfc7.dir/CheckSymbolExists.c.o  -o cmTC_acfc7 
/usr/bin/ld: CMakeFiles/cmTC_acfc7.dir/CheckSymbolExists.c.o: undefined reference to symbol 'pthread_create@@GLIBC_2.2.5'
/usr/lib64/libpthread.so.0: error adding symbols: DSO missing from command line
collect2: error: ld returned 1 exit status
gmake[1]: *** [cmTC_acfc7] Error 1
gmake[1]: Leaving directory `/home/mlee/IBLGF-AMR-parallel-new/builds/CMakeFiles/CMakeTmp'
gmake: *** [cmTC_acfc7/fast] Error 2

File /home/mlee/IBLGF-AMR-parallel-new/builds/CMakeFiles/CMakeTmp/CheckSymbolExists.c:
/* */
#include <pthread.h>

int main(int argc, char** argv)
{
  (void)argv;
#ifndef pthread_create
  return ((int*)(&pthread_create))[argc];
#else
  (void)argc;
  return 0;
#endif
}

Determining if the function pthread_create exists in the pthreads failed with the following output:
Change Dir: /home/mlee/IBLGF-AMR-parallel-new/builds/CMakeFiles/CMakeTmp

Run Build Command:"/usr/bin/gmake" "cmTC_f4d54/fast"
/usr/bin/gmake -f CMakeFiles/cmTC_f4d54.dir/build.make CMakeFiles/cmTC_f4d54.dir/build
gmake[1]: Entering directory `/home/mlee/IBLGF-AMR-parallel-new/builds/CMakeFiles/CMakeTmp'
Building C object CMakeFiles/cmTC_f4d54.dir/CheckFunctionExists.c.o
/act/mvapich2-2.1/gcc/bin/mpicc   -DCHECK_FUNCTION_EXISTS=pthread_create   -o CMakeFiles/cmTC_f4d54.dir/CheckFunctionExists.c.o   -c /usr/local/share/cmake-3.12/Modules/CheckFunctionExists.c
Linking C executable cmTC_f4d54
/usr/local/bin/cmake -E cmake_link_script CMakeFiles/cmTC_f4d54.dir/link.txt --verbose=1
/act/mvapich2-2.1/gcc/bin/mpicc  -DCHECK_FUNCTION_EXISTS=pthread_create    -rdynamic CMakeFiles/cmTC_f4d54.dir/CheckFunctionExists.c.o  -o cmTC_f4d54 -lpthreads 
/usr/bin/ld: cannot find -lpthreads
collect2: error: ld returned 1 exit status
gmake[1]: *** [cmTC_f4d54] Error 1
gmake[1]: Leaving directory `/home/mlee/IBLGF-AMR-parallel-new/builds/CMakeFiles/CMakeTmp'
gmake: *** [cmTC_f4d54/fast] Error 2


