I am the server on rank: 0
Server read restart from keys done 

 Setup:  Test - Simple IC 

Number of refinement levels: 1
Geometry = circle, n = 84
Using yang3 delta function
Initialization of masks start
Depth of the tree = 8
total IB blocks = 32
Computing domain decomposition for 4 processors
Computing domain decomposition done
Start reading file -> restart/restart_field.hdf5
on Simulation: 
Domain: 
Total number of processes: 4
Total number of leaf octants: 111
Block extent : 14 14
Base resolution 0.05
Base level 7
Tree depth 9
Domain Bounding Box: Base: -224 -224 extent: 896 448 max: 671 223 level: 0
Interior Key Bounding Box: Base: 0 0 extent: 64 32 max: 63 31 level: 0
 

Time marching ------------------------------------------------ 
Restart info ------------------------------------------------ 
T = 0.1
adapt_count = 40
cell aux max = 0.01
u max = 0.0747221
T_last_vel_refresh = 0.0975
maximum steps allowed without vel refresh = 424
- writing at T = 0.1, n = 0
- output writing finished -
Blocks on each level: 75 84 
block = 48
source max = 0.01
source max = 0.0747221
Computing domain decomposition for 4 processors
Computing domain decomposition done
base level mesh update = 0
pad u      in 2.45929
Stage 1
LGF solved in 11.8189
IB IF solved 
residue square = 0.000314358
residue square = 1.16597e-08
IB  solved in 168.313
IF  solved in 37.476
Stage 2
LGF solved in 10.2555
IB IF solved 
residue square = 0.00919939
residue square = 6.97402e-12
IB  solved in 162.893
IF  solved in 38.5206
Stage 3
LGF solved in 10.1553
IB IF solved 
residue square = 0.0176559
IB  solved in 48.7324
596.758
T = 0.1025, n = 41 -----------------
Blocks on each level: 75 84 
Total number of leaf octants: 111
Total number of leaf + correction octants: 147
Total number of allocated octants: 211
 -----------------
ib  size: 84
Forcing = 7.48112 -1.08165e-05 
 -----------------
ib  size: 84
New Forcing = 6.72294 -1.08296e-05 
 -----------------
r2/f2 = 8.25852e-06 f2 = 2.71642e+06
r2/f2 = 1.35655e-06 f2 = 2.71788e+06
r2/f2 = 8.90247e-08 f2 = 2.71841e+06
r2/f2 = 6.66901e-09 f2 = 2.71846e+06
r2/f2 = 5.44581e-10 f2 = 2.71846e+06
r2/f2 = 3.26642e-11 f2 = 2.71846e+06
r2/f2 = 1.98093e-12 f2 = 2.71846e+06
r2/f2 = 1.60714e-13 f2 = 2.71846e+06
block = 48
finished writing new forcing
Blocks on each level: 75 84 
base level mesh update = 0
pad u      in 0.763333
Stage 1
LGF solved in 10.45
IB IF solved 
residue square = 2.44184e-06
residue square = 5.68313e-10
IB  solved in 127.717
IF  solved in 5.26692
Stage 2
LGF solved in 10.1822
IB IF solved 
residue square = 1.75864e-06
IB  solved in 63.853
IF  solved in 5.37717
Stage 3
LGF solved in 10.1679
IB IF solved 
residue square = 2.34048e-06
IB  solved in 36.0793
319.535
T = 0.105, n = 42 -----------------
Blocks on each level: 75 84 
Total number of leaf octants: 111
Total number of leaf + correction octants: 147
Total number of allocated octants: 211
 -----------------
ib  size: 84
Forcing = 8.06709 -1.19451e-05 
 -----------------
r2/f2 = 8.25218e-06 f2 = 3.15773e+06
ib  size: 84
New Forcing = 7.2498 -1.19611e-05 
 -----------------
r2/f2 = 1.35511e-06 f2 = 3.15943e+06
r2/f2 = 8.89521e-08 f2 = 3.16004e+06
r2/f2 = 6.66268e-09 f2 = 3.1601e+06
r2/f2 = 5.4411e-10 f2 = 3.16011e+06
r2/f2 = 3.26432e-11 f2 = 3.16011e+06
r2/f2 = 1.9791e-12 f2 = 3.16011e+06
r2/f2 = 1.60582e-13 f2 = 3.16011e+06
block = 48
finished writing new forcing
Blocks on each level: 75 84 
base level mesh update = 0
pad u      in 0.756875
Stage 1
LGF solved in 10.3286
IB IF solved 
residue square = 2.17244e-06
residue square = 1.31732e-09
IB  solved in 127.703
IF  solved in 5.50917
Stage 2
LGF solved in 10.0496
IB IF solved 
residue square = 1.5387e-06
residue square = 5.00678e-11
IB  solved in 113.587
IF  solved in 5.32729
Stage 3
LGF solved in 10.0269
IB IF solved 
residue square = 2.04251e-06
IB  solved in 35.2629
367.532
T = 0.1075, n = 43 -----------------
Blocks on each level: 75 84 
Total number of leaf octants: 111
Total number of leaf + correction octants: 147
Total number of allocated octants: 211
 -----------------
ib  size: 84
Forcing = 8.65827 -1.31101e-05 
 -----------------
r2/f2 = 8.24612e-06 f2 = 3.63646e+06
r2/f2 = 1.35375e-06 f2 = 3.63842e+06
r2/f2 = 8.88808e-08 f2 = 3.63912e+06
r2/f2 = 6.65628e-09 f2 = 3.63919e+06
r2/f2 = 5.4361e-10 f2 = 3.63919e+06
r2/f2 = 3.26203e-11 f2 = 3.6392e+06
r2/f2 = 1.97717e-12 f2 = 3.6392e+06
r2/f2 = 1.60448e-13 f2 = 3.6392e+06
ib  size: 84
New Forcing = 7.78138 -1.31286e-05 
 -----------------
base level mesh update = 0
pad u      in 0.75475
Stage 1
finished writing new forcing
Blocks on each level: 75 84 
block = 48
LGF solved in 10.2412
IB IF solved 
residue square = 1.90292e-06
residue square = 5.19064e-10
IB  solved in 126.523
IF  solved in 5.38092
Stage 2
LGF solved in 10.2003
IB IF solved 
residue square = 1.3486e-06
IB  solved in 62.9346
IF  solved in 5.49137
Stage 3
LGF solved in 10.2108
IB IF solved 
residue square = 1.78459e-06
IB  solved in 34.9449
315.645
T = 0.11, n = 44 -----------------
Blocks on each level: 75 84 
Total number of leaf octants: 111
Total number of leaf + correction octants: 147
Total number of allocated octants: 211
 -----------------
ib  size: 84
Forcing = 9.25234 -1.44128e-05 
 -----------------
r2/f2 = 8.23987e-06 f2 = 4.15138e+06
r2/f2 = 1.35247e-06 f2 = 4.15362e+06
r2/f2 = 8.88183e-08 f2 = 4.15442e+06
r2/f2 = 6.65006e-09 f2 = 4.1545e+06
r2/f2 = 5.43024e-10 f2 = 4.1545e+06
r2/f2 = 3.25882e-11 f2 = 4.1545e+06
r2/f2 = 1.97519e-12 f2 = 4.1545e+06
r2/f2 = 1.60329e-13 f2 = 4.1545e+06
ib  size: 84
New Forcing = 8.3156 -1.44331e-05 
 -----------------
block = 48
base level mesh update = 0
pad u      in 0.740166
Stage 1
finished writing new forcing
Blocks on each level: 75 84 
LGF solved in 10.2203
IB IF solved 
residue square = 1.72337e-06
residue square = 5.216e-10
IB  solved in 122.597
IF  solved in 5.43967
Stage 2
LGF solved in 10.1609
IB IF solved 
residue square = 1.18458e-06
IB  solved in 58.9841
IF  solved in 5.31404
Stage 3
LGF solved in 10.0989
IB IF solved 
residue square = 1.56079e-06
IB  solved in 35.1021
307.455
T = 0.1125, n = 45 -----------------
Blocks on each level: 75 84 
Total number of leaf octants: 111
Total number of leaf + correction octants: 147
Total number of allocated octants: 211
 -----------------
ib  size: 84
Forcing = 9.84707 -1.57842e-05 
 -----------------
r2/f2 = 8.23397e-06 f2 = 4.70084e+06
ib  size: 84
New Forcing = 8.85045 -1.58076e-05 
 -----------------
r2/f2 = 1.35127e-06 f2 = 4.70337e+06
r2/f2 = 8.87603e-08 f2 = 4.70428e+06
r2/f2 = 6.64399e-09 f2 = 4.70436e+06
r2/f2 = 5.42432e-10 f2 = 4.70437e+06
r2/f2 = 3.25575e-11 f2 = 4.70437e+06
r2/f2 = 1.97322e-12 f2 = 4.70437e+06
r2/f2 = 1.60213e-13 f2 = 4.70437e+06
block = 48
finished writing new forcing
Blocks on each level: 75 84 
base level mesh update = 0
pad u      in 0.7445
Stage 1
LGF solved in 10.2265
IB IF solved 
residue square = 1.54384e-06
residue square = 5.15415e-10
IB  solved in 128.355
IF  solved in 5.37587
Stage 2
LGF solved in 10.1475
IB IF solved 
residue square = 1.04232e-06
residue square = 3.76671e-11
IB  solved in 115.881
IF  solved in 5.775
Stage 3
LGF solved in 10.4937
IB IF solved 
residue square = 1.36621e-06
IB  solved in 36.173
373.266
T = 0.115, n = 46 -----------------
Blocks on each level: 75 84 
Total number of leaf octants: 111
Total number of leaf + correction octants: 147
Total number of allocated octants: 211
 -----------------
ib  size: 84
Forcing = 10.4404 -1.71959e-05 
 -----------------
r2/f2 = 8.22816e-06 f2 = 5.28279e+06
r2/f2 = 1.35002e-06 f2 = 5.28563e+06
r2/f2 = 8.86937e-08 f2 = 5.28665e+06
r2/f2 = 6.63788e-09 f2 = 5.28674e+06
r2/f2 = 5.41894e-10 f2 = 5.28675e+06
r2/f2 = 3.25278e-11 f2 = 5.28675e+06
r2/f2 = 1.97125e-12 f2 = 5.28675e+06
r2/f2 = 1.60088e-13 f2 = 5.28675e+06
ib  size: 84
New Forcing = 9.38406 -1.72237e-05 
 -----------------
base level mesh update = 0
pad u      in 0.760166
Stage 1
finished writing new forcing
Blocks on each level: 75 84 
block = 48
LGF solved in 10.4312
IB IF solved 
residue square = 1.3729e-06
IB  solved in 71.3811
IF  solved in 5.45692
Stage 2
LGF solved in 10.3119
IB IF solved 
residue square = 9.18451e-07
IB  solved in 61.9913
IF  solved in 5.61733
Stage 3
LGF solved in 10.4829
IB IF solved 
residue square = 1.1967e-06
IB  solved in 59.6088
286.934
T = 0.1175, n = 47 -----------------
Blocks on each level: 75 84 
Total number of leaf octants: 111
Total number of leaf + correction octants: 147
Total number of allocated octants: 211
 -----------------
ib  size: 84
Forcing = 11.0303 -1.8759e-05 
 -----------------
r2/f2 = 8.22252e-06 f2 = 5.89484e+06
r2/f2 = 1.34889e-06 f2 = 5.89801e+06
r2/f2 = 8.86408e-08 f2 = 5.89915e+06
r2/f2 = 6.63216e-09 f2 = 5.89925e+06
r2/f2 = 5.41331e-10 f2 = 5.89926e+06
r2/f2 = 3.2498e-11 f2 = 5.89926e+06
r2/f2 = 1.96942e-12 f2 = 5.89926e+06
r2/f2 = 1.59983e-13 f2 = 5.89926e+06
ib  size: 84
New Forcing = 9.91467 -1.87901e-05 
 -----------------
block = 48
base level mesh update = 0
pad u      in 0.849291
Stage 1
finished writing new forcing
Blocks on each level: 75 84 
LGF solved in 10.7669
IB IF solved 
residue square = 1.24693e-06
residue square = 3.96477e-10
IB  solved in 130.362
IF  solved in 5.59742
Stage 2
LGF solved in 10.2776
IB IF solved 
residue square = 8.10727e-07
residue square = 3.00283e-11
IB  solved in 117.519
IF  solved in 5.39421
Stage 3
LGF solved in 10.2526
IB IF solved 
residue square = 1.0488e-06
IB  solved in 35.6611
376.987
T = 0.12, n = 48 -----------------
Blocks on each level: 75 84 
Total number of leaf octants: 111
Total number of leaf + correction octants: 147
Total number of allocated octants: 211
 -----------------
ib  size: 84
Forcing = 11.6149 -2.03665e-05 
 -----------------
r2/f2 = 8.21706e-06 f2 = 6.53433e+06
r2/f2 = 1.3477e-06 f2 = 6.53784e+06
r2/f2 = 8.85775e-08 f2 = 6.5391e+06
r2/f2 = 6.62643e-09 f2 = 6.53921e+06
r2/f2 = 5.40828e-10 f2 = 6.53923e+06
r2/f2 = 3.24698e-11 f2 = 6.53923e+06
r2/f2 = 1.96755e-12 f2 = 6.53923e+06
r2/f2 = 1.59866e-13 f2 = 6.53923e+06
ib  size: 84
New Forcing = 10.4406 -2.04009e-05 
 -----------------
block = 48
base level mesh update = 0
pad u      in 0.748208
Stage 1
finished writing new forcing
Blocks on each level: 75 84 
LGF solved in 10.3385
IB IF solved 
residue square = 1.11671e-06
residue square = 1.89656e-10
IB  solved in 122.66
IF  solved in 5.46854
Stage 2
LGF solved in 10.399
IB IF solved 
residue square = 7.1646e-07
IB  solved in 61.4719
IF  solved in 5.35854
Stage 3
LGF solved in 10.1424
IB IF solved 
residue square = 9.19548e-07
IB  solved in 35.5477
312.052
T = 0.1225, n = 49 -----------------
Blocks on each level: 75 84 
Total number of leaf octants: 111
Total number of leaf + correction octants: 147
Total number of allocated octants: 211
 -----------------
ib  size: 84
Forcing = 12.1927 -2.21327e-05 
 -----------------
r2/f2 = 8.21172e-06 f2 = 7.19835e+06
r2/f2 = 1.34663e-06 f2 = 7.20221e+06
r2/f2 = 8.85271e-08 f2 = 7.2036e+06
r2/f2 = 6.62098e-09 f2 = 7.20372e+06
r2/f2 = 5.40293e-10 f2 = 7.20373e+06
r2/f2 = 3.24412e-11 f2 = 7.20373e+06
r2/f2 = 1.96581e-12 f2 = 7.20373e+06
r2/f2 = 1.59768e-13 f2 = 7.20373e+06
ib  size: 84
New Forcing = 10.9604 -2.21689e-05 
 -----------------
block = 48
base level mesh update = 0
pad u      in 0.775667
Stage 1
finished writing new forcing
Blocks on each level: 75 84 
LGF solved in 10.2486
IB IF solved 
residue square = 1.01893e-06
residue square = 3.09563e-10
IB  solved in 124.296
IF  solved in 5.43075
Stage 2
LGF solved in 10.2029
IB IF solved 
residue square = 6.34182e-07
residue square = 2.82449e-11
IB  solved in 115.254
IF  solved in 5.55267
Stage 3
LGF solved in 10.1169
IB IF solved 
residue square = 8.06459e-07
IB  solved in 33.1541
364.479
T = 0.125, n = 50 -----------------
Blocks on each level: 75 84 
Total number of leaf octants: 111
Total number of leaf + correction octants: 147
Total number of allocated octants: 211
 -----------------
ib  size: 84
Forcing = 12.762 -2.39363e-05 
 -----------------
r2/f2 = 8.20649e-06 f2 = 7.8838e+06
r2/f2 = 1.34542e-06 f2 = 7.88802e+06
r2/f2 = 8.84514e-08 f2 = 7.88954e+06
r2/f2 = 6.6157e-09 f2 = 7.88968e+06
r2/f2 = 5.3991e-10 f2 = 7.88969e+06
r2/f2 = 3.24165e-11 f2 = 7.88969e+06
r2/f2 = 1.96412e-12 f2 = 7.88969e+06
r2/f2 = 1.59642e-13 f2 = 7.88969e+06
ib  size: 84
New Forcing = 11.4726 -2.39696e-05 
 -----------------
block = 48
source max = 0.01
source max = 1.04851
Adapt - communication
finished writing new forcing
Blocks on each level: 75 84 
 Decomposition - receving adapt attempts 
 Decomposition - update domain
Total ib blocks = 32
 deleting blocks # = 0
 Decomposition - send back new local octants
 Decomposition - construct maps
Depth of the tree = 8
total IB blocks = 32
 Decomposition - sync
Adapt - intrp
Adapt - done
Computing domain decomposition for 4 processors
Computing domain decomposition done
base level mesh update = 1
pad_velocity, last T_vel_refresh = 0.0975
adapt_corr_time_step()
Stage 1
LGF solved in 10.9319
IB IF solved 
residue square = 0.000499051
residue square = 1.79855e-06
IB  solved in 99.3731
Stage 2
LGF solved in 10.6203
IB IF solved 
residue square = 0.000303496
residue square = 2.52107e-06
IB  solved in 110.293
Stage 3
LGF solved in 10.5465
IB IF solved 
residue square = 0.000487692
residue square = 4.84482e-08
IB  solved in 102.27
pad u      in 386.02
Stage 1
LGF solved in 10.6147
IB IF solved 
residue square = 1.90158e-05
residue square = 8.56245e-10
IB  solved in 132.23
IF  solved in 5.74688
Stage 2
LGF solved in 10.7826
IB IF solved 
residue square = 1.30925e-06
IB  solved in 65.6764
IF  solved in 5.59762
Stage 3
LGF solved in 10.6886
IB IF solved 
residue square = 6.61034e-07
IB  solved in 33.7903
712.847
T = 0.1275, n = 51 -----------------
Blocks on each level: 82 84 
Total number of leaf octants: 118
Total number of leaf + correction octants: 154
Total number of allocated octants: 225
 -----------------
ib  size: 84
Forcing = 13.304 -1.38206e-06 
 -----------------
r2/f2 = 8.20057e-06 f2 = 8.56345e+06
r2/f2 = 1.34427e-06 f2 = 8.56803e+06
r2/f2 = 8.83964e-08 f2 = 8.56968e+06
r2/f2 = 6.60988e-09 f2 = 8.56983e+06
r2/f2 = 5.3932e-10 f2 = 8.56984e+06
r2/f2 = 3.23849e-11 f2 = 8.56984e+06
r2/f2 = 1.96216e-12 f2 = 8.56984e+06
r2/f2 = 1.59534e-13 f2 = 8.56984e+06
ib  size: 84
New Forcing = 11.9586 -1.39451e-06 
 -----------------
block = 48
base level mesh update = 0
pad u      in 0.814375
Stage 1
finished writing new forcing
Blocks on each level: 82 84 
LGF solved in 10.929
IB IF solved 
residue square = 5.5279e-06
residue square = 3.88338e-10
IB  solved in 131.071
IF  solved in 5.82146
Stage 2
LGF solved in 10.9508
IB IF solved 
residue square = 1.20257e-07
residue square = 2.27731e-11
IB  solved in 117.856
IF  solved in 5.58517
Stage 3
LGF solved in 10.761
IB IF solved 
residue square = 6.64633e-07
IB  solved in 33.5201
379.593
T = 0.13, n = 52 -----------------
Blocks on each level: 82 84 
Total number of leaf octants: 118
Total number of leaf + correction octants: 154
Total number of allocated octants: 225
 -----------------
ib  size: 84
Forcing = 13.8697 -1.94402e-05 
 -----------------
r2/f2 = 8.19651e-06 f2 = 9.30573e+06
r2/f2 = 1.34335e-06 f2 = 9.3107e+06
r2/f2 = 8.83438e-08 f2 = 9.3125e+06
r2/f2 = 6.60533e-09 f2 = 9.31266e+06
r2/f2 = 5.38964e-10 f2 = 9.31267e+06
r2/f2 = 3.23632e-11 f2 = 9.31267e+06
r2/f2 = 1.96075e-12 f2 = 9.31267e+06
r2/f2 = 1.59442e-13 f2 = 9.31267e+06
ib  size: 84
New Forcing = 12.4694 -1.94697e-05 
 -----------------
base level mesh update = 0
pad u      in 0.767375
Stage 1
finished writing new forcing
Blocks on each level: 82 84 
block = 48
LGF solved in 10.9546
IB IF solved 
residue square = 7.13176e-07
residue square = 2.46199e-10
IB  solved in 119.256
IF  solved in 5.47129
Stage 2
LGF solved in 10.5912
IB IF solved 
residue square = 4.36212e-07
residue square = 2.8579e-11
IB  solved in 115.776
IF  solved in 5.49075
Stage 3
LGF solved in 10.7287
IB IF solved 
residue square = 5.44883e-07
IB  solved in 32.6781
361.881
T = 0.1325, n = 53 -----------------
Blocks on each level: 82 84 
Total number of leaf octants: 118
Total number of leaf + correction octants: 154
Total number of allocated octants: 225
 -----------------
ib  size: 84
Forcing = 14.4062 -2.92682e-05 
 -----------------
r2/f2 = 8.19185e-06 f2 = 1.00363e+07
ib  size: 84
New Forcing = 12.9523 -2.93303e-05 
 -----------------
r2/f2 = 1.34238e-06 f2 = 1.00417e+07
r2/f2 = 8.82965e-08 f2 = 1.00436e+07
r2/f2 = 6.60043e-09 f2 = 1.00438e+07
r2/f2 = 5.38492e-10 f2 = 1.00438e+07
r2/f2 = 3.23375e-11 f2 = 1.00438e+07
r2/f2 = 1.95915e-12 f2 = 1.00438e+07
r2/f2 = 1.59352e-13 f2 = 1.00438e+07
finished writing new forcing
Blocks on each level: 82 84 
base level mesh update = 0
pad u      in 0.751208
Stage 1
block = 48
LGF solved in 10.8184
IB IF solved 
residue square = 7.02355e-07
residue square = 2.47131e-10
IB  solved in 120.269
IF  solved in 5.60262
Stage 2
LGF solved in 10.974
IB IF solved 
residue square = 3.93579e-07
residue square = 1.67436e-11
IB  solved in 116.748
IF  solved in 5.47238
Stage 3
LGF solved in 10.5605
IB IF solved 
residue square = 4.77403e-07
IB  solved in 33.3131
366.458
T = 0.135, n = 54 -----------------
Blocks on each level: 82 84 
Total number of leaf octants: 118
Total number of leaf + correction octants: 154
Total number of allocated octants: 225
 -----------------
ib  size: 84
Forcing = 14.9293 -3.23631e-05 
 -----------------
ib  size: 84
New Forcing = 13.4231 -3.24226e-05 
 -----------------
r2/f2 = 8.18736e-06 f2 = 1.07748e+07
r2/f2 = 1.34146e-06 f2 = 1.07806e+07
r2/f2 = 8.8252e-08 f2 = 1.07827e+07
r2/f2 = 6.59569e-09 f2 = 1.07828e+07
r2/f2 = 5.38035e-10 f2 = 1.07829e+07
r2/f2 = 3.23124e-11 f2 = 1.07829e+07
r2/f2 = 1.95759e-12 f2 = 1.07829e+07
r2/f2 = 1.59267e-13 f2 = 1.07829e+07
finished writing new forcing
Blocks on each level: 82 84 
block = 48
base level mesh update = 0
pad u      in 0.784875
Stage 1
LGF solved in 11.3621
IB IF solved 
residue square = 6.50081e-07
residue square = 1.02866e-10
IB  solved in 121.455
IF  solved in 5.4235
Stage 2
LGF solved in 10.4634
IB IF solved 
residue square = 3.50534e-07
residue square = 1.18482e-11
IB  solved in 115.243
IF  solved in 5.5505
Stage 3
LGF solved in 10.6319
IB IF solved 
residue square = 4.18594e-07
IB  solved in 32.8146
364.176
T = 0.1375, n = 55 -----------------
Blocks on each level: 82 84 
Total number of leaf octants: 118
Total number of leaf + correction octants: 154
Total number of allocated octants: 225
 -----------------
ib  size: 84
Forcing = 15.4384 -3.48352e-05 
 -----------------
ib  size: 84
New Forcing = 13.8815 -3.48904e-05 
 -----------------
r2/f2 = 8.18296e-06 f2 = 1.15184e+07
r2/f2 = 1.34053e-06 f2 = 1.15246e+07
r2/f2 = 8.82043e-08 f2 = 1.15268e+07
r2/f2 = 6.5911e-09 f2 = 1.1527e+07
r2/f2 = 5.3761e-10 f2 = 1.1527e+07
r2/f2 = 3.22882e-11 f2 = 1.1527e+07
r2/f2 = 1.95607e-12 f2 = 1.1527e+07
r2/f2 = 1.59181e-13 f2 = 1.1527e+07
finished writing new forcing
Blocks on each level: 82 84 
block = 48
base level mesh update = 0
pad u      in 0.791292
Stage 1
LGF solved in 10.734
IB IF solved 
residue square = 6.00819e-07
residue square = 1.50103e-10
IB  solved in 119.335
IF  solved in 5.52471
Stage 2
LGF solved in 10.634
IB IF solved 
residue square = 3.12469e-07
residue square = 1.31293e-11
IB  solved in 110.953
IF  solved in 5.55342
Stage 3
LGF solved in 10.6277
IB IF solved 
residue square = 3.66919e-07
IB  solved in 33.0525
357.708
T = 0.14, n = 56 -----------------
Blocks on each level: 82 84 
Total number of leaf octants: 118
Total number of leaf + correction octants: 154
Total number of allocated octants: 225
 -----------------
ib  size: 84
Forcing = 15.9329 -3.74255e-05 
 -----------------
r2/f2 = 8.17868e-06 f2 = 1.22639e+07
r2/f2 = 1.33963e-06 f2 = 1.22705e+07
r2/f2 = 8.81588e-08 f2 = 1.22728e+07
r2/f2 = 6.58655e-09 f2 = 1.2273e+07
r2/f2 = 5.37187e-10 f2 = 1.22731e+07
r2/f2 = 3.22642e-11 f2 = 1.22731e+07
r2/f2 = 1.95457e-12 f2 = 1.22731e+07
r2/f2 = 1.59095e-13 f2 = 1.22731e+07
ib  size: 84
New Forcing = 14.3267 -3.7508e-05 
 -----------------
base level mesh update = 0
pad u      in 0.764958
Stage 1
block = 48
finished writing new forcing
Blocks on each level: 82 84 
LGF solved in 10.8047
IB IF solved 
residue square = 5.57247e-07
residue square = 1.11908e-10
IB  solved in 120.253
IF  solved in 5.54437
Stage 2
LGF solved in 10.496
IB IF solved 
residue square = 2.78863e-07
residue square = 1.22957e-11
IB  solved in 111.55
IF  solved in 5.51196
Stage 3
LGF solved in 10.6361
IB IF solved 
residue square = 3.21488e-07
IB  solved in 29.8322
355.847
T = 0.1425, n = 57 -----------------
Blocks on each level: 82 84 
Total number of leaf octants: 118
Total number of leaf + correction octants: 154
Total number of allocated octants: 225
 -----------------
ib  size: 84
Forcing = 16.4121 -4.01573e-05 
 -----------------
r2/f2 = 8.17434e-06 f2 = 1.30084e+07
r2/f2 = 1.33859e-06 f2 = 1.30153e+07
r2/f2 = 8.80983e-08 f2 = 1.30178e+07
r2/f2 = 6.5824e-09 f2 = 1.3018e+07
r2/f2 = 5.36853e-10 f2 = 1.30181e+07
r2/f2 = 3.22436e-11 f2 = 1.30181e+07
r2/f2 = 1.95316e-12 f2 = 1.30181e+07
r2/f2 = 1.58999e-13 f2 = 1.30181e+07
ib  size: 84
New Forcing = 14.7582 -4.02356e-05 
 -----------------
block = 48
finished writing new forcing
Blocks on each level: 82 84 
base level mesh update = 0
pad u      in 0.782333
Stage 1
LGF solved in 10.7336
IB IF solved 
residue square = 5.25076e-07
residue square = 9.49842e-11
IB  solved in 119.362
IF  solved in 5.56088
Stage 2
LGF solved in 10.6512
IB IF solved 
residue square = 2.49327e-07
residue square = 1.35427e-11
IB  solved in 109.809
IF  solved in 5.50263
Stage 3
LGF solved in 10.4881
IB IF solved 
residue square = 2.81547e-07
IB  solved in 29.744
352.621
T = 0.145, n = 58 -----------------
Blocks on each level: 82 84 
Total number of leaf octants: 118
Total number of leaf + correction octants: 154
Total number of allocated octants: 225
 -----------------
ib  size: 84
Forcing = 16.8757 -4.3042e-05 
 -----------------
r2/f2 = 8.17025e-06 f2 = 1.37489e+07
r2/f2 = 1.33767e-06 f2 = 1.37562e+07
r2/f2 = 8.80487e-08 f2 = 1.37588e+07
r2/f2 = 6.57832e-09 f2 = 1.37591e+07
r2/f2 = 5.36487e-10 f2 = 1.37591e+07
r2/f2 = 3.22219e-11 f2 = 1.37591e+07
r2/f2 = 1.95178e-12 f2 = 1.37591e+07
r2/f2 = 1.58916e-13 f2 = 1.37591e+07
ib  size: 84
New Forcing = 15.1757 -4.31402e-05 
 -----------------
block = 48
base level mesh update = 0
pad u      in 0.783959
Stage 1
finished writing new forcing
Blocks on each level: 82 84 
LGF solved in 10.6943
IB IF solved 
residue square = 4.85615e-07
residue square = 8.03162e-11
IB  solved in 119.624
IF  solved in 5.61692
Stage 2
LGF solved in 10.7332
IB IF solved 
residue square = 2.23022e-07
residue square = 9.86052e-12
IB  solved in 110.764
IF  solved in 5.53271
Stage 3
LGF solved in 10.613
IB IF solved 
residue square = 2.46422e-07
IB  solved in 29.9715
355.244
T = 0.1475, n = 59 -----------------
Blocks on each level: 82 84 
Total number of leaf octants: 118
Total number of leaf + correction octants: 154
Total number of allocated octants: 225
 -----------------
ib  size: 84
Forcing = 17.3232 -4.6073e-05 
 -----------------
r2/f2 = 8.16636e-06 f2 = 1.44827e+07
r2/f2 = 1.33687e-06 f2 = 1.44904e+07
r2/f2 = 8.8008e-08 f2 = 1.44932e+07
r2/f2 = 6.57418e-09 f2 = 1.44935e+07
r2/f2 = 5.36097e-10 f2 = 1.44935e+07
r2/f2 = 3.21995e-11 f2 = 1.44935e+07
r2/f2 = 1.9504e-12 f2 = 1.44935e+07
r2/f2 = 1.58843e-13 f2 = 1.44935e+07
ib  size: 84
New Forcing = 15.5788 -4.6179e-05 
 -----------------
base level mesh update = 0
pad u      in 0.802458
Stage 1
finished writing new forcing
Blocks on each level: 82 84 
block = 48
LGF solved in 10.8788
IB IF solved 
residue square = 4.55241e-07
residue square = 7.80294e-11
IB  solved in 118.441
IF  solved in 5.38883
Stage 2
LGF solved in 10.5905
IB IF solved 
residue square = 1.99881e-07
residue square = 9.26067e-12
IB  solved in 110.332
IF  solved in 5.52987
Stage 3
LGF solved in 10.6939
IB IF solved 
residue square = 2.15542e-07
IB  solved in 30.0302
352.858
restart: backup
restart: write
- writing at T = 0.15, n = 60
T = 0.15, n = 60 -----------------
Blocks on each level: 82 84 
Total number of leaf octants: 118
Total number of leaf + correction octants: 154
Total number of allocated octants: 225
 -----------------
ib  size: 84
Forcing = 17.7544 -4.92515e-05 
 -----------------
- output writing finished -
ib  size: 84
New Forcing = 15.9673 -4.93634e-05 
 -----------------
r2/f2 = 8.16261e-06 f2 = 1.52075e+07
r2/f2 = 1.3361e-06 f2 = 1.52156e+07
r2/f2 = 8.79689e-08 f2 = 1.52185e+07
r2/f2 = 6.57019e-09 f2 = 1.52188e+07
r2/f2 = 5.35718e-10 f2 = 1.52188e+07
r2/f2 = 3.21776e-11 f2 = 1.52188e+07
r2/f2 = 1.94905e-12 f2 = 1.52188e+07
r2/f2 = 1.58773e-13 f2 = 1.52188e+07
source max = 0.01
source max = 1.98419
Adapt - communication
block = 48
finished writing new forcing
Blocks on each level: 82 84 
 Decomposition - receving adapt attempts 
 Decomposition - update domain
Total ib blocks = 32
 deleting blocks # = 0
 Decomposition - send back new local octants
 Decomposition - construct maps
Depth of the tree = 8
total IB blocks = 32
 Decomposition - sync
Adapt - intrp
Adapt - done
Computing domain decomposition for 4 processors
Computing domain decomposition done
base level mesh update = 1
pad_velocity, last T_vel_refresh = 0.125
adapt_corr_time_step()
Stage 1
LGF solved in 11.3099
IB IF solved 
residue square = 0.00035256
residue square = 1.93929e-06
IB  solved in 98.4662
Stage 2
LGF solved in 10.9346
IB IF solved 
residue square = 0.000292602
residue square = 9.6384e-06
IB  solved in 108.96
Stage 3
LGF solved in 11.2916
IB IF solved 
residue square = 0.000474823
residue square = 1.07594e-07
IB  solved in 108.714
pad u      in 393.19
Stage 1
LGF solved in 11.6273
IB IF solved 
residue square = 9.22796e-06
residue square = 6.39248e-10
IB  solved in 127.259
IF  solved in 5.67121
Stage 2
LGF solved in 11.2019
IB IF solved 
residue square = 6.21733e-07
residue square = 3.44786e-11
IB  solved in 116.137
IF  solved in 5.69667
Stage 3
LGF solved in 11.1423
IB IF solved 
residue square = 1.65087e-07
IB  solved in 32.8683
767.384
T = 0.1525, n = 61 -----------------
Blocks on each level: 89 84 
Total number of leaf octants: 125
Total number of leaf + correction octants: 161
Total number of allocated octants: 238
 -----------------
ib  size: 84
Forcing = 18.145 -2.17481e-05 
 -----------------
r2/f2 = 8.15921e-06 f2 = 1.58754e+07
r2/f2 = 1.3358e-06 f2 = 1.58838e+07
r2/f2 = 8.79619e-08 f2 = 1.58869e+07
r2/f2 = 6.56572e-09 f2 = 1.58872e+07
r2/f2 = 5.35174e-10 f2 = 1.58872e+07
r2/f2 = 3.21496e-11 f2 = 1.58872e+07
r2/f2 = 1.94754e-12 f2 = 1.58872e+07
r2/f2 = 1.58737e-13 f2 = 1.58872e+07
ib  size: 84
New Forcing = 16.3168 -2.17654e-05 
 -----------------
block = 48
base level mesh update = 0
pad u      in 0.866125
Stage 1
finished writing new forcing
Blocks on each level: 89 84 
LGF solved in 11.4513
IB IF solved 
residue square = 3.51255e-06
residue square = 3.19338e-10
IB  solved in 128.67
IF  solved in 5.89529
Stage 2
LGF solved in 11.6151
IB IF solved 
residue square = 1.13762e-08
residue square = 5.08809e-12
IB  solved in 106.34
IF  solved in 5.72742
Stage 3
LGF solved in 11.2905
IB IF solved 
residue square = 1.87431e-07
IB  solved in 30.0285
364.683
T = 0.155, n = 62 -----------------
Blocks on each level: 89 84 
Total number of leaf octants: 125
Total number of leaf + correction octants: 161
Total number of allocated octants: 238
 -----------------
ib  size: 84
Forcing = 18.5673 -4.3738e-05 
 -----------------
r2/f2 = 8.15595e-06 f2 = 1.662e+07
r2/f2 = 1.33492e-06 f2 = 1.66289e+07
r2/f2 = 8.79095e-08 f2 = 1.66321e+07
r2/f2 = 6.5627e-09 f2 = 1.66323e+07
r2/f2 = 5.34977e-10 f2 = 1.66324e+07
r2/f2 = 3.21345e-11 f2 = 1.66324e+07
r2/f2 = 1.94659e-12 f2 = 1.66324e+07
r2/f2 = 1.58665e-13 f2 = 1.66324e+07
ib  size: 84
New Forcing = 16.6998 -4.382e-05 
 -----------------
finished writing new forcing
Blocks on each level: 89 84 
block = 48
base level mesh update = 0
pad u      in 0.790667
Stage 1
LGF solved in 11.4144
IB IF solved 
residue square = 3.48071e-07
residue square = 1.01522e-10
IB  solved in 116.79
IF  solved in 5.62162
Stage 2
LGF solved in 11.2798
IB IF solved 
residue square = 1.41894e-07
IB  solved in 57.1505
IF  solved in 5.65233
Stage 3
LGF solved in 11.3545
IB IF solved 
residue square = 1.43877e-07
IB  solved in 29.5582
301.135
T = 0.1575, n = 63 -----------------
Blocks on each level: 89 84 
Total number of leaf octants: 125
Total number of leaf + correction octants: 161
Total number of allocated octants: 238
 -----------------
ib  size: 84
Forcing = 18.9496 -5.80611e-05 
 -----------------
r2/f2 = 8.15258e-06 f2 = 1.73052e+07
r2/f2 = 1.33415e-06 f2 = 1.73144e+07
r2/f2 = 8.7871e-08 f2 = 1.73177e+07
r2/f2 = 6.5593e-09 f2 = 1.7318e+07
r2/f2 = 5.34647e-10 f2 = 1.73181e+07
r2/f2 = 3.21154e-11 f2 = 1.73181e+07
r2/f2 = 1.94535e-12 f2 = 1.73181e+07
r2/f2 = 1.586e-13 f2 = 1.73181e+07
ib  size: 84
New Forcing = 17.0444 -5.81624e-05 
 -----------------
finished writing new forcing
Blocks on each level: 89 84 
block = 48
base level mesh update = 0
pad u      in 0.773083
Stage 1
LGF solved in 11.3347
IB IF solved 
residue square = 3.72144e-07
residue square = 8.85424e-11
IB  solved in 116.135
IF  solved in 5.65042
Stage 2
LGF solved in 11.177
IB IF solved 
residue square = 1.31395e-07
residue square = 8.88986e-12
IB  solved in 107.434
IF  solved in 5.67475
Stage 3
LGF solved in 11.2193
IB IF solved 
residue square = 1.25194e-07
IB  solved in 29.9926
350.631
T = 0.16, n = 64 -----------------
Blocks on each level: 89 84 
Total number of leaf octants: 125
Total number of leaf + correction octants: 161
Total number of allocated octants: 238
 -----------------
ib  size: 84
Forcing = 19.3151 -6.2889e-05 
 -----------------
r2/f2 = 8.14913e-06 f2 = 1.79728e+07
r2/f2 = 1.33342e-06 f2 = 1.79824e+07
r2/f2 = 8.78311e-08 f2 = 1.79858e+07
r2/f2 = 6.55542e-09 f2 = 1.79861e+07
r2/f2 = 5.34305e-10 f2 = 1.79862e+07
r2/f2 = 3.20943e-11 f2 = 1.79862e+07
r2/f2 = 1.94403e-12 f2 = 1.79862e+07
r2/f2 = 1.58528e-13 f2 = 1.79862e+07
ib  size: 84
New Forcing = 17.3739 -6.29965e-05 
 -----------------
base level mesh update = 0
pad u      in 0.758292
Stage 1
finished writing new forcing
Blocks on each level: 89 84 
block = 48
LGF solved in 11.3453
IB IF solved 
residue square = 3.49556e-07
residue square = 5.24748e-11
IB  solved in 115.048
IF  solved in 5.65183
Stage 2
LGF solved in 11.1713
IB IF solved 
residue square = 1.18984e-07
residue square = 4.27116e-12
IB  solved in 102.728
IF  solved in 5.61858
Stage 3
LGF solved in 11.1744
IB IF solved 
residue square = 1.09038e-07
IB  solved in 29.829
344.846
T = 0.1625, n = 65 -----------------
Blocks on each level: 89 84 
Total number of leaf octants: 125
Total number of leaf + correction octants: 161
Total number of allocated octants: 238
 -----------------
ib  size: 84
Forcing = 19.6644 -6.68723e-05 
 -----------------
r2/f2 = 8.14607e-06 f2 = 1.8622e+07
r2/f2 = 1.33282e-06 f2 = 1.86319e+07
r2/f2 = 8.77973e-08 f2 = 1.86355e+07
r2/f2 = 6.55209e-09 f2 = 1.86358e+07
r2/f2 = 5.33998e-10 f2 = 1.86358e+07
r2/f2 = 3.20751e-11 f2 = 1.86358e+07
r2/f2 = 1.94291e-12 f2 = 1.86358e+07
r2/f2 = 1.58472e-13 f2 = 1.86358e+07
ib  size: 84
New Forcing = 17.6889 -6.69966e-05 
 -----------------
base level mesh update = 0
pad u      in 0.823625
Stage 1
finished writing new forcing
Blocks on each level: 89 84 
block = 48
LGF solved in 11.2897
IB IF solved 
residue square = 3.35792e-07
residue square = 4.61418e-11
IB  solved in 116.805
IF  solved in 5.75804
Stage 2
LGF solved in 11.2435
IB IF solved 
residue square = 1.08076e-07
residue square = 1.16703e-11
IB  solved in 102.995
IF  solved in 5.65388
Stage 3
LGF solved in 11.1724
IB IF solved 
residue square = 9.48744e-08
IB  solved in 30.2389
347.127
T = 0.165, n = 66 -----------------
Blocks on each level: 89 84 
Total number of leaf octants: 125
Total number of leaf + correction octants: 161
Total number of allocated octants: 238
 -----------------
ib  size: 84
Forcing = 19.9977 -7.09589e-05 
 -----------------
r2/f2 = 8.1433e-06 f2 = 1.92516e+07
r2/f2 = 1.3323e-06 f2 = 1.92618e+07
r2/f2 = 8.77684e-08 f2 = 1.92655e+07
r2/f2 = 6.54898e-09 f2 = 1.92658e+07
r2/f2 = 5.33698e-10 f2 = 1.92659e+07
r2/f2 = 3.20568e-11 f2 = 1.92659e+07
r2/f2 = 1.94182e-12 f2 = 1.92659e+07
r2/f2 = 1.58425e-13 f2 = 1.92659e+07
ib  size: 84
New Forcing = 17.9896 -7.10825e-05 
 -----------------
block = 48
base level mesh update = 0
pad u      in 0.773833
Stage 1
finished writing new forcing
Blocks on each level: 89 84 
LGF solved in 11.267
IB IF solved 
residue square = 3.22476e-07
residue square = 3.06736e-11
IB  solved in 115.678
IF  solved in 5.69246
Stage 2
LGF solved in 11.4008
IB IF solved 
residue square = 9.84705e-08
residue square = 3.91898e-12
IB  solved in 104.531
IF  solved in 5.67504
Stage 3
LGF solved in 11.2393
IB IF solved 
residue square = 8.24612e-08
IB  solved in 32.8583
350.659
T = 0.1675, n = 67 -----------------
Blocks on each level: 89 84 
Total number of leaf octants: 125
Total number of leaf + correction octants: 161
Total number of allocated octants: 238
 -----------------
ib  size: 84
Forcing = 20.3153 -7.52084e-05 
 -----------------
r2/f2 = 8.14159e-06 f2 = 1.98606e+07
r2/f2 = 1.33219e-06 f2 = 1.98712e+07
r2/f2 = 8.77634e-08 f2 = 1.9875e+07
r2/f2 = 6.5464e-09 f2 = 1.98753e+07
r2/f2 = 5.33407e-10 f2 = 1.98753e+07
r2/f2 = 3.20395e-11 f2 = 1.98753e+07
r2/f2 = 1.94094e-12 f2 = 1.98753e+07
ib  size: 84
New Forcing = 18.2761 -7.53875e-05 
 -----------------
r2/f2 = 1.58414e-13 f2 = 1.98753e+07
block = 48
finished writing new forcing
Blocks on each level: 89 84 
base level mesh update = 0
pad u      in 0.7915
Stage 1
LGF solved in 11.4462
IB IF solved 
residue square = 3.04857e-07
residue square = 4.4331e-11
IB  solved in 115.482
IF  solved in 5.60358
Stage 2
LGF solved in 11.2601
IB IF solved 
residue square = 8.97784e-08
residue square = 1.096e-11
IB  solved in 103.746
IF  solved in 6.05579
Stage 3
LGF solved in 16.8627
IB IF solved 
residue square = 7.15886e-08
IB  solved in 30.2829
364.867
T = 0.17, n = 68 -----------------
Blocks on each level: 89 84 
Total number of leaf octants: 125
Total number of leaf + correction octants: 161
Total number of allocated octants: 238
 -----------------
ib  size: 84
Forcing = 20.6174 -7.95936e-05 
 -----------------
r2/f2 = 8.13893e-06 f2 = 2.04482e+07
r2/f2 = 1.33165e-06 f2 = 2.04591e+07
r2/f2 = 8.77309e-08 f2 = 2.0463e+07
r2/f2 = 6.54364e-09 f2 = 2.04633e+07
r2/f2 = 5.33158e-10 f2 = 2.04634e+07
r2/f2 = 3.2023e-11 f2 = 2.04634e+07
r2/f2 = 1.93994e-12 f2 = 2.04634e+07
r2/f2 = 1.58368e-13 f2 = 2.04634e+07
ib  size: 84
New Forcing = 18.5487 -7.9739e-05 
 -----------------
block = 48
base level mesh update = 0
pad u      in 0.749791
Stage 1
finished writing new forcing
Blocks on each level: 89 84 
LGF solved in 11.4148
IB IF solved 
residue square = 3.05907e-07
residue square = 2.65847e-11
IB  solved in 116.69
IF  solved in 5.66675
Stage 2
LGF solved in 11.1494
IB IF solved 
residue square = 8.28685e-08
residue square = 5.05634e-12
IB  solved in 107.658
IF  solved in 5.67254
Stage 3
LGF solved in 11.158
IB IF solved 
residue square = 6.20792e-08
IB  solved in 30.0239
351.972
T = 0.1725, n = 69 -----------------
Blocks on each level: 89 84 
Total number of leaf octants: 125
Total number of leaf + correction octants: 161
Total number of allocated octants: 238
 -----------------
ib  size: 84
Forcing = 20.9045 -8.41481e-05 
 -----------------
r2/f2 = 8.13653e-06 f2 = 2.10138e+07
r2/f2 = 1.33116e-06 f2 = 2.10249e+07
r2/f2 = 8.77013e-08 f2 = 2.10289e+07
r2/f2 = 6.54091e-09 f2 = 2.10293e+07
r2/f2 = 5.32905e-10 f2 = 2.10293e+07
r2/f2 = 3.20069e-11 f2 = 2.10293e+07
r2/f2 = 1.93892e-12 f2 = 2.10293e+07
r2/f2 = 1.58323e-13 f2 = 2.10293e+07
ib  size: 84
New Forcing = 18.8079 -8.43197e-05 
 -----------------
base level mesh update = 0
pad u      in 0.776166
Stage 1
finished writing new forcing
Blocks on each level: 89 84 
block = 48
LGF solved in 11.2942
IB IF solved 
residue square = 2.91391e-07
residue square = 2.57488e-11
IB  solved in 117.864
IF  solved in 5.65896
Stage 2
LGF solved in 11.1049
IB IF solved 
residue square = 7.61799e-08
residue square = 2.66255e-12
IB  solved in 103.546
IF  solved in 5.67933
Stage 3
LGF solved in 11.3132
IB IF solved 
residue square = 5.37628e-08
residue square = 1.084e-12
IB  solved in 63.7373
383.436
T = 0.175, n = 70 -----------------
Blocks on each level: 89 84 
Total number of leaf octants: 125
Total number of leaf + correction octants: 161
Total number of allocated octants: 238
 -----------------
ib  size: 84
Forcing = 21.1769 -8.88446e-05 
 -----------------
r2/f2 = 8.13352e-06 f2 = 2.15573e+07
r2/f2 = 1.33037e-06 f2 = 2.15687e+07
r2/f2 = 8.76726e-08 f2 = 2.15728e+07
r2/f2 = 6.53929e-09 f2 = 2.15732e+07
r2/f2 = 5.32756e-10 f2 = 2.15732e+07
r2/f2 = 3.1996e-11 f2 = 2.15732e+07
r2/f2 = 1.93835e-12 f2 = 2.15732e+07
r2/f2 = 1.58309e-13 f2 = 2.15732e+07
ib  size: 84
New Forcing = 19.0538 -8.89949e-05 
 -----------------
source max = 0.01
source max = 3.07774
Adapt - communication
finished writing new forcing
Blocks on each level: 89 84 
 Decomposition - receving adapt attempts 
 Decomposition - update domain
Total ib blocks = 32
 deleting blocks # = 0
 Decomposition - send back new local octants
 Decomposition - construct maps
Depth of the tree = 8
total IB blocks = 32
 Decomposition - sync
block = 48
Adapt - intrp
Adapt - done
Computing domain decomposition for 4 processors
Computing domain decomposition done
base level mesh update = 1
pad_velocity, last T_vel_refresh = 0.15
adapt_corr_time_step()
Stage 1
LGF solved in 12.0756
IB IF solved 
residue square = 0.000252475
residue square = 8.0097e-06
IB  solved in 105.118
Stage 2
LGF solved in 11.3558
IB IF solved 
residue square = 0.000284238
residue square = 5.06878e-05
IB  solved in 114.794
Stage 3
LGF solved in 11.3954
IB IF solved 
residue square = 0.000461982
residue square = 1.78875e-07
IB  solved in 111.119
pad u      in 409.772
Stage 1
LGF solved in 11.466
IB IF solved 
residue square = 4.67114e-06
residue square = 3.41926e-10
IB  solved in 124.544
IF  solved in 5.86646
Stage 2
LGF solved in 11.4075
IB IF solved 
residue square = 3.55256e-07
residue square = 2.49295e-11
IB  solved in 113.498
IF  solved in 5.83371
Stage 3
LGF solved in 11.3628
IB IF solved 
residue square = 3.56144e-08
IB  solved in 28.0119
774.366
T = 0.1775, n = 71 -----------------
Blocks on each level: 93 84 
Total number of leaf octants: 129
Total number of leaf + correction octants: 165
Total number of allocated octants: 242
 -----------------
ib  size: 84
Forcing = 21.406 -6.31105e-05 
 -----------------
r2/f2 = 8.12737e-06 f2 = 2.20139e+07
r2/f2 = 1.32876e-06 f2 = 2.20256e+07
r2/f2 = 8.75934e-08 f2 = 2.20298e+07
r2/f2 = 6.53262e-09 f2 = 2.20302e+07
r2/f2 = 5.3213e-10 f2 = 2.20302e+07
r2/f2 = 3.19619e-11 f2 = 2.20302e+07
r2/f2 = 1.93585e-12 f2 = 2.20302e+07
r2/f2 = 1.58133e-13 f2 = 2.20302e+07
ib  size: 84
New Forcing = 19.2579 -6.31365e-05 
 -----------------
block = 48
base level mesh update = 0
pad u      in 0.766833
Stage 1
finished writing new forcing
Blocks on each level: 93 84 
LGF solved in 11.5538
IB IF solved 
residue square = 2.36192e-06
residue square = 1.56746e-10
IB  solved in 120.775
IF  solved in 5.87254
Stage 2
LGF solved in 11.2545
IB IF solved 
residue square = 2.52445e-08
residue square = 6.51926e-12
IB  solved in 105.096
IF  solved in 5.831
Stage 3
LGF solved in 11.447
IB IF solved 
residue square = 5.15535e-08
IB  solved in 28.6683
353.596
T = 0.18, n = 72 -----------------
Blocks on each level: 93 84 
Total number of leaf octants: 129
Total number of leaf + correction octants: 165
Total number of allocated octants: 242
 -----------------
ib  size: 84
Forcing = 21.6788 -8.4532e-05 
 -----------------
r2/f2 = 8.12475e-06 f2 = 2.25741e+07
ib  size: 84
New Forcing = 19.5071 -8.47229e-05 
 -----------------
r2/f2 = 1.32799e-06 f2 = 2.2586e+07
r2/f2 = 8.75528e-08 f2 = 2.25903e+07
r2/f2 = 6.53043e-09 f2 = 2.25907e+07
r2/f2 = 5.3198e-10 f2 = 2.25907e+07
r2/f2 = 3.1949e-11 f2 = 2.25907e+07
r2/f2 = 1.93508e-12 f2 = 2.25907e+07
r2/f2 = 1.58082e-13 f2 = 2.25907e+07
block = 48
finished writing new forcing
Blocks on each level: 93 84 
base level mesh update = 0
pad u      in 0.780042
Stage 1
LGF solved in 11.6128
IB IF solved 
residue square = 2.76106e-07
residue square = 4.24275e-11
IB  solved in 116.525
IF  solved in 5.78629
Stage 2
LGF solved in 11.4091
IB IF solved 
residue square = 5.96271e-08
residue square = 7.26892e-12
IB  solved in 109.535
IF  solved in 5.86667
Stage 3
LGF solved in 11.4311
IB IF solved 
residue square = 3.47827e-08
IB  solved in 27.9087
353.027
T = 0.1825, n = 73 -----------------
Blocks on each level: 93 84 
Total number of leaf octants: 129
Total number of leaf + correction octants: 165
Total number of allocated octants: 242
 -----------------
ib  size: 84
Forcing = 21.9099 -0.000102037 
 -----------------
ib  size: 84
New Forcing = 19.7161 -0.000102218 
 -----------------
r2/f2 = 8.12321e-06 f2 = 2.30494e+07
r2/f2 = 1.32778e-06 f2 = 2.30616e+07
r2/f2 = 8.75359e-08 f2 = 2.3066e+07
r2/f2 = 6.52805e-09 f2 = 2.30664e+07
r2/f2 = 5.31747e-10 f2 = 2.30664e+07
r2/f2 = 3.1934e-11 f2 = 2.30664e+07
r2/f2 = 1.93416e-12 f2 = 2.30664e+07
r2/f2 = 1.58053e-13 f2 = 2.30664e+07
block = 48
finished writing new forcing
Blocks on each level: 93 84 
base level mesh update = 0
pad u      in 0.778125
Stage 1
LGF solved in 11.556
IB IF solved 
residue square = 2.90335e-07
residue square = 6.12762e-11
IB  solved in 116.816
IF  solved in 5.93183
Stage 2
LGF solved in 11.633
IB IF solved 
residue square = 5.80207e-08
residue square = 7.38307e-12
IB  solved in 104.121
IF  solved in 5.80204
Stage 3
LGF solved in 11.4375
IB IF solved 
residue square = 2.98367e-08
IB  solved in 27.2831
347.825
T = 0.185, n = 74 -----------------
Blocks on each level: 93 84 
Total number of leaf octants: 129
Total number of leaf + correction octants: 165
Total number of allocated octants: 242
 -----------------
ib  size: 84
Forcing = 22.1277 -0.000108529 
 -----------------
r2/f2 = 8.12146e-06 f2 = 2.3501e+07
r2/f2 = 1.32749e-06 f2 = 2.35134e+07
r2/f2 = 8.75163e-08 f2 = 2.35179e+07
r2/f2 = 6.52615e-09 f2 = 2.35183e+07
r2/f2 = 5.31564e-10 f2 = 2.35183e+07
r2/f2 = 3.19207e-11 f2 = 2.35183e+07
r2/f2 = 1.93343e-12 f2 = 2.35183e+07
r2/f2 = 1.58035e-13 f2 = 2.35183e+07
ib  size: 84
New Forcing = 19.913 -0.000108772 
 -----------------
block = 48
base level mesh update = 0
pad u      in 0.763458
Stage 1
finished writing new forcing
Blocks on each level: 93 84 
LGF solved in 11.5155
IB IF solved 
residue square = 2.80609e-07
residue square = 2.00534e-11
IB  solved in 116.743
IF  solved in 5.84229
Stage 2
LGF solved in 11.3362
IB IF solved 
residue square = 5.49067e-08
residue square = 2.37472e-12
IB  solved in 103.543
IF  solved in 5.97921
Stage 3
LGF solved in 11.391
IB IF solved 
residue square = 2.5654e-08
IB  solved in 30.6175
350.127
T = 0.1875, n = 75 -----------------
Blocks on each level: 93 84 
Total number of leaf octants: 129
Total number of leaf + correction octants: 165
Total number of allocated octants: 242
 -----------------
ib  size: 84
Forcing = 22.333 -0.000113968 
 -----------------
r2/f2 = 8.12183e-06 f2 = 2.39299e+07
r2/f2 = 1.32793e-06 f2 = 2.39425e+07
r2/f2 = 8.75244e-08 f2 = 2.39471e+07
r2/f2 = 6.52538e-09 f2 = 2.39475e+07
r2/f2 = 5.31473e-10 f2 = 2.39476e+07
r2/f2 = 3.19122e-11 f2 = 2.39476e+07
r2/f2 = 1.93311e-12 f2 = 2.39476e+07
ib  size: 84
New Forcing = 20.0986 -0.000114208 
 -----------------
r2/f2 = 1.58062e-13 f2 = 2.39476e+07
base level mesh update = 0
pad u      in 0.78725
Stage 1
block = 48
finished writing new forcing
Blocks on each level: 93 84 
LGF solved in 11.6044
IB IF solved 
residue square = 2.70688e-07
residue square = 2.31931e-11
IB  solved in 116.265
IF  solved in 5.88267
Stage 2
LGF solved in 11.3595
IB IF solved 
residue square = 5.19974e-08
residue square = 4.75409e-12
IB  solved in 104.172
IF  solved in 5.80025
Stage 3
LGF solved in 11.357
IB IF solved 
residue square = 2.20236e-08
IB  solved in 30.8744
350.506
T = 0.19, n = 76 -----------------
Blocks on each level: 93 84 
Total number of leaf octants: 129
Total number of leaf + correction octants: 165
Total number of allocated octants: 242
 -----------------
ib  size: 84
Forcing = 22.5262 -0.000119462 
 -----------------
r2/f2 = 8.1212e-06 f2 = 2.43365e+07
r2/f2 = 1.328e-06 f2 = 2.43493e+07
r2/f2 = 8.75193e-08 f2 = 2.4354e+07
r2/f2 = 6.52437e-09 f2 = 2.43544e+07
r2/f2 = 5.31361e-10 f2 = 2.43544e+07
r2/f2 = 3.19025e-11 f2 = 2.43544e+07
r2/f2 = 1.93264e-12 f2 = 2.43544e+07
r2/f2 = 1.58074e-13 f2 = 2.43544e+07
ib  size: 84
New Forcing = 20.2735 -0.000119718 
 -----------------
base level mesh update = 0
pad u      in 0.781583
Stage 1
finished writing new forcing
Blocks on each level: 93 84 
block = 48
LGF solved in 11.5102
IB IF solved 
residue square = 2.69433e-07
residue square = 1.59243e-11
IB  solved in 118.256
IF  solved in 5.82321
Stage 2
LGF solved in 11.4103
IB IF solved 
residue square = 5.00848e-08
residue square = 2.66767e-12
IB  solved in 103.279
IF  solved in 5.78454
Stage 3
LGF solved in 11.2969
IB IF solved 
residue square = 1.88756e-08
IB  solved in 30.6642
351.463
T = 0.1925, n = 77 -----------------
Blocks on each level: 93 84 
Total number of leaf octants: 129
Total number of leaf + correction octants: 165
Total number of allocated octants: 242
 -----------------
ib  size: 84
Forcing = 22.7079 -0.000125088 
 -----------------
r2/f2 = 8.12007e-06 f2 = 2.47211e+07
ib  size: 84
New Forcing = 20.4379 -0.000125353 
 -----------------
r2/f2 = 1.32784e-06 f2 = 2.47341e+07
r2/f2 = 8.75023e-08 f2 = 2.47388e+07
r2/f2 = 6.52269e-09 f2 = 2.47393e+07
r2/f2 = 5.31207e-10 f2 = 2.47393e+07
r2/f2 = 3.1891e-11 f2 = 2.47393e+07
r2/f2 = 1.93195e-12 f2 = 2.47393e+07
r2/f2 = 1.58056e-13 f2 = 2.47393e+07
block = 48
finished writing new forcing
Blocks on each level: 93 84 
base level mesh update = 0
pad u      in 0.752375
Stage 1
LGF solved in 11.477
IB IF solved 
residue square = 2.62768e-07
residue square = 1.50232e-11
IB  solved in 117.109
IF  solved in 5.93796
Stage 2
LGF solved in 11.4073
IB IF solved 
residue square = 4.81529e-08
residue square = 4.66039e-12
IB  solved in 104.033
IF  solved in 5.87392
Stage 3
LGF solved in 11.3123
IB IF solved 
residue square = 1.61485e-08
IB  solved in 58.6796
379.23
T = 0.195, n = 78 -----------------
Blocks on each level: 93 84 
Total number of leaf octants: 129
Total number of leaf + correction octants: 165
Total number of allocated octants: 242
 -----------------
ib  size: 84
Forcing = 22.8784 -0.00013084 
 -----------------
r2/f2 = 8.11764e-06 f2 = 2.50851e+07
ib  size: 84
New Forcing = 20.5924 -0.000131106 
 -----------------
r2/f2 = 1.32709e-06 f2 = 2.50984e+07
r2/f2 = 8.74795e-08 f2 = 2.51031e+07
r2/f2 = 6.52172e-09 f2 = 2.51036e+07
r2/f2 = 5.31117e-10 f2 = 2.51036e+07
r2/f2 = 3.18843e-11 f2 = 2.51036e+07
r2/f2 = 1.93133e-12 f2 = 2.51036e+07
r2/f2 = 1.58061e-13 f2 = 2.51036e+07
finished writing new forcing
Blocks on each level: 93 84 
base level mesh update = 0
pad u      in 0.806333
Stage 1
block = 48
LGF solved in 11.5183
IB IF solved 
residue square = 2.58565e-07
residue square = 1.42153e-10
IB  solved in 116.943
IF  solved in 5.82637
Stage 2
LGF solved in 11.3139
IB IF solved 
residue square = 4.67114e-08
residue square = 1.39914e-11
IB  solved in 111.759
IF  solved in 5.75092
Stage 3
LGF solved in 11.3966
IB IF solved 
residue square = 1.37848e-08
IB  solved in 22.3753
350.18
T = 0.1975, n = 79 -----------------
Blocks on each level: 93 84 
Total number of leaf octants: 129
Total number of leaf + correction octants: 165
Total number of allocated octants: 242
 -----------------
ib  size: 84
Forcing = 23.0383 -0.000137635 
 -----------------
ib  size: 84
New Forcing = 20.7372 -0.000137877 
 -----------------
r2/f2 = 8.10993e-06 f2 = 2.54271e+07
r2/f2 = 1.32469e-06 f2 = 2.54405e+07
r2/f2 = 8.73832e-08 f2 = 2.54454e+07
r2/f2 = 6.51483e-09 f2 = 2.54458e+07
r2/f2 = 5.30507e-10 f2 = 2.54458e+07
r2/f2 = 3.18491e-11 f2 = 2.54458e+07
r2/f2 = 1.9289e-12 f2 = 2.54458e+07
r2/f2 = 1.57846e-13 f2 = 2.54458e+07
block = 48
base level mesh update = 0
pad u      in 0.794125
Stage 1
finished writing new forcing
Blocks on each level: 93 84 
LGF solved in 11.53
IB IF solved 
residue square = 2.89756e-07
residue square = 1.27814e-10
IB  solved in 118.277
IF  solved in 5.94158
Stage 2
LGF solved in 11.2582
IB IF solved 
residue square = 4.61837e-08
residue square = 2.04243e-11
IB  solved in 112.865
IF  solved in 5.87737
Stage 3
LGF solved in 11.249
IB IF solved 
residue square = 1.17552e-08
IB  solved in 22.4567
353.254
restart: backup
restart: write
- writing at T = 0.2, n = 80
T = 0.2, n = 80 -----------------
Blocks on each level: 93 84 
Total number of leaf octants: 129
Total number of leaf + correction octants: 165
Total number of allocated octants: 242
 -----------------
ib  size: 84
Forcing = 23.188 -0.000143389 
 -----------------
- output writing finished -
ib  size: 84
New Forcing = 20.873 -0.000143672 
 -----------------
r2/f2 = 8.1063e-06 f2 = 2.57487e+07
r2/f2 = 1.3237e-06 f2 = 2.57623e+07
r2/f2 = 8.73343e-08 f2 = 2.57672e+07
r2/f2 = 6.51101e-09 f2 = 2.57676e+07
r2/f2 = 5.30168e-10 f2 = 2.57677e+07
r2/f2 = 3.18278e-11 f2 = 2.57677e+07
r2/f2 = 1.92752e-12 f2 = 2.57677e+07
r2/f2 = 1.57744e-13 f2 = 2.57677e+07
block = 48
finished writing new forcing
Blocks on each level: 93 84 
 Decomposition - receving adapt attempts 
 Decomposition - update domain
Total ib blocks = 32
 deleting blocks # = 0
 Decomposition - send back new local octants
 Decomposition - construct maps
Depth of the tree = 8
total IB blocks = 32
 Decomposition - sync
source max = 0.0181097
source max = 4.22182
Adapt - communication
Adapt - intrp
Adapt - done
Computing domain decomposition for 4 processors
Computing domain decomposition done
base level mesh update = 1
pad_velocity, last T_vel_refresh = 0.175
adapt_corr_time_step()
Stage 1
LGF solved in 11.9661
IB IF solved 
residue square = 0.00026025
residue square = 5.81652e-06
IB  solved in 107.794
Stage 2
LGF solved in 11.8682
IB IF solved 
residue square = 0.000280007
residue square = 5.35234e-05
IB  solved in 116.295
Stage 3
LGF solved in 11.6574
IB IF solved 
residue square = 0.000449668
residue square = 1.92271e-07
IB  solved in 114.61
pad u      in 418.6
Stage 1
LGF solved in 11.4265
IB IF solved 
residue square = 2.89382e-06
residue square = 1.19021e-10
IB  solved in 120.322
IF  solved in 5.82954
Stage 2
LGF solved in 12.8152
IB IF solved 
residue square = 2.44063e-07
IB  solved in 65.551
IF  solved in 5.77396
Stage 3
LGF solved in 11.5124
IB IF solved 
residue square = 5.597e-09
IB  solved in 22.3078
727.257
T = 0.2025, n = 81 -----------------
Blocks on each level: 94 84 
Total number of leaf octants: 130
Total number of leaf + correction octants: 166
Total number of allocated octants: 243
 -----------------
ib  size: 84
Forcing = 23.2963 -0.000124115 
 -----------------
r2/f2 = 8.107e-06 f2 = 2.59748e+07
r2/f2 = 1.32437e-06 f2 = 2.59885e+07
r2/f2 = 8.73432e-08 f2 = 2.59935e+07
r2/f2 = 6.51061e-09 f2 = 2.59939e+07
r2/f2 = 5.30094e-10 f2 = 2.5994e+07
r2/f2 = 3.18204e-11 f2 = 2.5994e+07
r2/f2 = 1.92719e-12 f2 = 2.5994e+07
r2/f2 = 1.57788e-13 f2 = 2.5994e+07
ib  size: 84
New Forcing = 20.9683 -0.000124199 
 -----------------
block = 48
base level mesh update = 0
pad u      in 0.773792
Stage 1
finished writing new forcing
Blocks on each level: 94 84 
LGF solved in 11.7247
IB IF solved 
residue square = 1.65138e-06
residue square = 7.12018e-11
IB  solved in 120.63
IF  solved in 5.81546
Stage 2
LGF solved in 11.4548
IB IF solved 
residue square = 5.63542e-08
residue square = 7.01509e-12
IB  solved in 104.505
IF  solved in 5.80421
Stage 3
LGF solved in 11.329
IB IF solved 
residue square = 1.37972e-08
IB  solved in 22.6514
347.706
T = 0.205, n = 82 -----------------
Blocks on each level: 94 84 
Total number of leaf octants: 130
Total number of leaf + correction octants: 166
Total number of allocated octants: 243
 -----------------
ib  size: 84
Forcing = 23.4581 -0.000139013 
 -----------------
r2/f2 = 8.10392e-06 f2 = 2.63317e+07
r2/f2 = 1.32323e-06 f2 = 2.63456e+07
r2/f2 = 8.72923e-08 f2 = 2.63506e+07
r2/f2 = 6.5084e-09 f2 = 2.6351e+07
r2/f2 = 5.29978e-10 f2 = 2.63511e+07
r2/f2 = 3.18091e-11 f2 = 2.63511e+07
r2/f2 = 1.92635e-12 f2 = 2.63511e+07
r2/f2 = 1.57715e-13 f2 = 2.63511e+07
ib  size: 84
New Forcing = 21.1181 -0.000139282 
 -----------------
block = 48
base level mesh update = 0
pad u      in 0.781708
Stage 1
finished writing new forcing
Blocks on each level: 94 84 
LGF solved in 11.5353
IB IF solved 
residue square = 2.51716e-07
residue square = 2.70584e-11
IB  solved in 113.243
IF  solved in 5.8495
Stage 2
LGF solved in 11.2934
IB IF solved 
residue square = 4.25128e-08
residue square = 5.39391e-12
IB  solved in 103.488
IF  solved in 5.80433
Stage 3
LGF solved in 11.2443
IB IF solved 
residue square = 7.24026e-09
IB  solved in 22.0784
337.813
T = 0.2075, n = 83 -----------------
Blocks on each level: 94 84 
Total number of leaf octants: 130
Total number of leaf + correction octants: 166
Total number of allocated octants: 243
 -----------------
ib  size: 84
Forcing = 23.5803 -0.000158368 
 -----------------
r2/f2 = 8.10334e-06 f2 = 2.65965e+07
r2/f2 = 1.32325e-06 f2 = 2.66105e+07
r2/f2 = 8.72874e-08 f2 = 2.66155e+07
r2/f2 = 6.507e-09 f2 = 2.6616e+07
r2/f2 = 5.29801e-10 f2 = 2.6616e+07
r2/f2 = 3.17968e-11 f2 = 2.6616e+07
r2/f2 = 1.92569e-12 f2 = 2.6616e+07
r2/f2 = 1.57709e-13 f2 = 2.6616e+07
ib  size: 84
New Forcing = 21.2291 -0.000158667 
 -----------------
block = 48
base level mesh update = 0
pad u      in 0.777375
Stage 1
finished writing new forcing
Blocks on each level: 94 84 
LGF solved in 11.6552
IB IF solved 
residue square = 2.49848e-07
residue square = 3.08603e-11
IB  solved in 113.534
IF  solved in 5.84158
Stage 2
LGF solved in 11.3357
IB IF solved 
residue square = 4.29061e-08
residue square = 3.12442e-12
IB  solved in 103.85
IF  solved in 5.85621
Stage 3
LGF solved in 11.382
IB IF solved 
residue square = 6.06302e-09
IB  solved in 22.2223
338.835
T = 0.21, n = 84 -----------------
Blocks on each level: 94 84 
Total number of leaf octants: 130
Total number of leaf + correction octants: 166
Total number of allocated octants: 243
 -----------------
ib  size: 84
Forcing = 23.6935 -0.000166163 
 -----------------
r2/f2 = 8.10322e-06 f2 = 2.68421e+07
ib  size: 84
New Forcing = 21.3321 -0.000166465 
 -----------------
r2/f2 = 1.32339e-06 f2 = 2.68563e+07
r2/f2 = 8.72857e-08 f2 = 2.68614e+07
r2/f2 = 6.50668e-09 f2 = 2.68618e+07
r2/f2 = 5.29755e-10 f2 = 2.68619e+07
r2/f2 = 3.17901e-11 f2 = 2.68619e+07
r2/f2 = 1.92537e-12 f2 = 2.68619e+07
r2/f2 = 1.57735e-13 f2 = 2.68619e+07
base level mesh update = 0
pad u      in 0.77925
Stage 1
block = 48
finished writing new forcing
Blocks on each level: 94 84 
LGF solved in 11.6148
IB IF solved 
residue square = 2.46253e-07
residue square = 9.91667e-12
IB  solved in 112.802
IF  solved in 5.95883
Stage 2
LGF solved in 11.4419
IB IF solved 
residue square = 4.28884e-08
residue square = 3.49083e-12
IB  solved in 109.228
IF  solved in 6.1105
Stage 3
LGF solved in 11.7022
IB IF solved 
residue square = 5.10296e-09
IB  solved in 22.7661
346.196
T = 0.2125, n = 85 -----------------
Blocks on each level: 94 84 
Total number of leaf octants: 130
Total number of leaf + correction octants: 166
Total number of allocated octants: 243
 -----------------
ib  size: 84
Forcing = 23.7986 -0.000172694 
 -----------------
r2/f2 = 8.10255e-06 f2 = 2.70703e+07
r2/f2 = 1.32329e-06 f2 = 2.70846e+07
r2/f2 = 8.7271e-08 f2 = 2.70897e+07
r2/f2 = 6.50557e-09 f2 = 2.70902e+07
r2/f2 = 5.2966e-10 f2 = 2.70902e+07
r2/f2 = 3.17813e-11 f2 = 2.70903e+07
r2/f2 = 1.92481e-12 f2 = 2.70903e+07
r2/f2 = 1.57724e-13 f2 = 2.70903e+07
ib  size: 84
New Forcing = 21.4277 -0.000173007 
 -----------------
base level mesh update = 0
pad u      in 0.784792
Stage 1
finished writing new forcing
Blocks on each level: 94 84 
block = 48
LGF solved in 11.552
IB IF solved 
residue square = 2.41689e-07
residue square = 1.27253e-11
IB  solved in 113.1
IF  solved in 5.88387
Stage 2
LGF solved in 11.409
IB IF solved 
residue square = 4.28672e-08
residue square = 3.03795e-12
IB  solved in 107.659
IF  solved in 5.85117
Stage 3
LGF solved in 11.4115
IB IF solved 
residue square = 4.28275e-09
IB  solved in 22.9107
343.078
T = 0.215, n = 86 -----------------
Blocks on each level: 94 84 
Total number of leaf octants: 130
Total number of leaf + correction octants: 166
Total number of allocated octants: 243
 -----------------
ib  size: 84
Forcing = 23.8959 -0.000179251 
 -----------------
ib  size: 84
New Forcing = 21.5164 -0.000179574 
 -----------------
r2/f2 = 8.10219e-06 f2 = 2.72817e+07
r2/f2 = 1.32331e-06 f2 = 2.72961e+07
r2/f2 = 8.72647e-08 f2 = 2.73013e+07
r2/f2 = 6.50509e-09 f2 = 2.73018e+07
r2/f2 = 5.29605e-10 f2 = 2.73018e+07
r2/f2 = 3.17742e-11 f2 = 2.73018e+07
r2/f2 = 1.92444e-12 f2 = 2.73018e+07
r2/f2 = 1.5774e-13 f2 = 2.73018e+07
finished writing new forcing
Blocks on each level: 94 84 
base level mesh update = 0
pad u      in 0.785458
Stage 1
block = 48
LGF solved in 11.6125
IB IF solved 
residue square = 2.37163e-07
residue square = 8.78277e-12
IB  solved in 113.813
IF  solved in 5.86142
Stage 2
LGF solved in 11.3966
IB IF solved 
residue square = 4.29729e-08
residue square = 2.58161e-12
IB  solved in 105.715
IF  solved in 5.821
Stage 3
LGF solved in 11.4471
IB IF solved 
residue square = 3.58248e-09
IB  solved in 22.3043
341.451
T = 0.2175, n = 87 -----------------
Blocks on each level: 94 84 
Total number of leaf octants: 130
Total number of leaf + correction octants: 166
Total number of allocated octants: 243
 -----------------
ib  size: 84
Forcing = 23.9859 -0.000185878 
 -----------------
r2/f2 = 8.10171e-06 f2 = 2.74769e+07
r2/f2 = 1.32326e-06 f2 = 2.74914e+07
r2/f2 = 8.72523e-08 f2 = 2.74966e+07
r2/f2 = 6.5042e-09 f2 = 2.74971e+07
r2/f2 = 5.29528e-10 f2 = 2.74971e+07
r2/f2 = 3.17662e-11 f2 = 2.74971e+07
r2/f2 = 1.92393e-12 f2 = 2.74971e+07
r2/f2 = 1.57736e-13 f2 = 2.74971e+07
ib  size: 84
New Forcing = 21.5984 -0.000186209 
 -----------------
block = 48
finished writing new forcing
Blocks on each level: 94 84 
base level mesh update = 0
pad u      in 0.787417
Stage 1
LGF solved in 11.6255
IB IF solved 
residue square = 2.32821e-07
residue square = 1.04385e-11
IB  solved in 113.005
IF  solved in 5.787
Stage 2
LGF solved in 11.6587
IB IF solved 
residue square = 4.31856e-08
residue square = 3.13077e-12
IB  solved in 102.108
IF  solved in 5.79054
Stage 3
LGF solved in 11.4142
IB IF solved 
residue square = 2.98528e-09
IB  solved in 22.9616
338.333
T = 0.22, n = 88 -----------------
Blocks on each level: 94 84 
Total number of leaf octants: 130
Total number of leaf + correction octants: 166
Total number of allocated octants: 243
 -----------------
ib  size: 84
Forcing = 24.0687 -0.000192582 
 -----------------
r2/f2 = 8.10155e-06 f2 = 2.76565e+07
r2/f2 = 1.32332e-06 f2 = 2.76711e+07
r2/f2 = 8.72463e-08 f2 = 2.76763e+07
r2/f2 = 6.50396e-09 f2 = 2.76768e+07
r2/f2 = 5.29497e-10 f2 = 2.76769e+07
r2/f2 = 3.17601e-11 f2 = 2.76769e+07
r2/f2 = 1.92364e-12 f2 = 2.76769e+07
r2/f2 = 1.57755e-13 f2 = 2.76769e+07
ib  size: 84
New Forcing = 21.674 -0.000192952 
 -----------------
block = 48
base level mesh update = 0
pad u      in 0.79675
Stage 1
finished writing new forcing
Blocks on each level: 94 84 
LGF solved in 11.5306
IB IF solved 
residue square = 2.2868e-07
residue square = 9.34026e-12
IB  solved in 111.1
IF  solved in 5.90508
Stage 2
LGF solved in 11.8114
IB IF solved 
residue square = 4.35029e-08
residue square = 3.54978e-12
IB  solved in 107.142
IF  solved in 5.90512
Stage 3
LGF solved in 12.0459
IB IF solved 
residue square = 2.47763e-09
IB  solved in 54.8538
375.44
T = 0.2225, n = 89 -----------------
Blocks on each level: 94 84 
Total number of leaf octants: 130
Total number of leaf + correction octants: 166
Total number of allocated octants: 243
 -----------------
ib  size: 84
Forcing = 24.1448 -0.000199315 
 -----------------
r2/f2 = 8.10237e-06 f2 = 2.78235e+07
r2/f2 = 1.32401e-06 f2 = 2.78381e+07
r2/f2 = 8.72798e-08 f2 = 2.78434e+07
r2/f2 = 6.50397e-09 f2 = 2.78439e+07
r2/f2 = 5.29343e-10 f2 = 2.7844e+07
r2/f2 = 3.17476e-11 f2 = 2.7844e+07
r2/f2 = 1.92318e-12 f2 = 2.7844e+07
r2/f2 = 1.57842e-13 f2 = 2.7844e+07
ib  size: 84
New Forcing = 21.7436 -0.000199601 
 -----------------
base level mesh update = 0
pad u      in 0.80525
Stage 1
finished writing new forcing
Blocks on each level: 94 84 
block = 48
LGF solved in 11.802
IB IF solved 
residue square = 2.23793e-07
residue square = 5.71484e-11
IB  solved in 116.673
IF  solved in 5.93804
Stage 2
LGF solved in 11.8812
IB IF solved 
residue square = 4.3795e-08
residue square = 1.02053e-11
IB  solved in 109.19
IF  solved in 6.18033
Stage 3
LGF solved in 11.6282
IB IF solved 
residue square = 2.0456e-09
IB  solved in 23.2995
352.441
T = 0.225, n = 90 -----------------
Blocks on each level: 94 84 
Total number of leaf octants: 130
Total number of leaf + correction octants: 166
Total number of allocated octants: 243
 -----------------
ib  size: 84
Forcing = 24.2144 -0.000207583 
 -----------------
r2/f2 = 8.10166e-06 f2 = 2.79734e+07
r2/f2 = 1.32372e-06 f2 = 2.79881e+07
r2/f2 = 8.72567e-08 f2 = 2.79934e+07
r2/f2 = 6.50325e-09 f2 = 2.79939e+07
r2/f2 = 5.29335e-10 f2 = 2.7994e+07
r2/f2 = 3.17435e-11 f2 = 2.7994e+07
r2/f2 = 1.92276e-12 f2 = 2.7994e+07
r2/f2 = 1.57816e-13 f2 = 2.7994e+07
ib  size: 84
New Forcing = 21.8073 -0.000207963 
 -----------------
block = 48
source max = 0.0293156
source max = 5.37372
Adapt - communication
finished writing new forcing
Blocks on each level: 94 84 
 Decomposition - receving adapt attempts 
 Decomposition - update domain
Total ib blocks = 32
 deleting blocks # = 0
 Decomposition - send back new local octants
 Decomposition - construct maps
Depth of the tree = 8
total IB blocks = 32
 Decomposition - sync
Adapt - intrp
Adapt - done
Computing domain decomposition for 4 processors
Computing domain decomposition done
base level mesh update = 1
pad_velocity, last T_vel_refresh = 0.2
adapt_corr_time_step()
Stage 1
LGF solved in 11.6455
IB IF solved 
residue square = 0.000281255
residue square = 5.67081e-06
IB  solved in 107.15
Stage 2
LGF solved in 11.5161
IB IF solved 
residue square = 0.000279338
residue square = 7.74495e-05
IB  solved in 112.74
Stage 3
LGF solved in 11.6699
IB IF solved 
residue square = 0.000438227
residue square = 3.91167e-07
IB  solved in 109.534
pad u      in 408.342
Stage 1
LGF solved in 11.533
IB IF solved 
residue square = 1.88292e-06
residue square = 1.12019e-10
IB  solved in 128.48
IF  solved in 6.12879
Stage 2
LGF solved in 11.6069
IB IF solved 
residue square = 1.95219e-07
residue square = 1.84033e-11
IB  solved in 116.908
IF  solved in 6.10558
Stage 3
LGF solved in 11.8972
IB IF solved 
residue square = 4.13251e-10
IB  solved in 23.1632
778.575
T = 0.2275, n = 91 -----------------
Blocks on each level: 95 84 
Total number of leaf octants: 131
Total number of leaf + correction octants: 167
Total number of allocated octants: 244
 -----------------
ib  size: 84
Forcing = 24.2449 -0.000198925 
 -----------------
r2/f2 = 8.10194e-06 f2 = 2.80276e+07
r2/f2 = 1.32388e-06 f2 = 2.80424e+07
r2/f2 = 8.72382e-08 f2 = 2.80477e+07
r2/f2 = 6.50289e-09 f2 = 2.80482e+07
r2/f2 = 5.29381e-10 f2 = 2.80483e+07
r2/f2 = 3.17421e-11 f2 = 2.80483e+07
r2/f2 = 1.92245e-12 f2 = 2.80483e+07
r2/f2 = 1.57812e-13 f2 = 2.80483e+07
ib  size: 84
New Forcing = 21.8325 -0.000199056 
 -----------------
base level mesh update = 0
pad u      in 0.790917
Stage 1
finished writing new forcing
Blocks on each level: 95 84 
block = 48
LGF solved in 11.7606
IB IF solved 
residue square = 1.21372e-06
residue square = 5.14e-11
IB  solved in 123.268
IF  solved in 5.96508
Stage 2
LGF solved in 11.8086
IB IF solved 
residue square = 8.47857e-08
residue square = 8.41546e-12
IB  solved in 123.168
IF  solved in 6.09508
Stage 3
LGF solved in 12.3679
IB IF solved 
residue square = 3.60101e-09
IB  solved in 24.3838
375.179
T = 0.23, n = 92 -----------------
Blocks on each level: 95 84 
Total number of leaf octants: 131
Total number of leaf + correction octants: 167
Total number of allocated octants: 244
 -----------------
ib  size: 84
Forcing = 24.3348 -0.000203326 
 -----------------
r2/f2 = 8.09988e-06 f2 = 2.82306e+07
r2/f2 = 1.32306e-06 f2 = 2.82454e+07
r2/f2 = 8.72024e-08 f2 = 2.82508e+07
r2/f2 = 6.50154e-09 f2 = 2.82513e+07
r2/f2 = 5.29304e-10 f2 = 2.82513e+07
r2/f2 = 3.17336e-11 f2 = 2.82513e+07
ib  size: 84
New Forcing = 21.9178 -0.000203686 
 -----------------
r2/f2 = 1.92182e-12 f2 = 2.82513e+07
r2/f2 = 1.57764e-13 f2 = 2.82513e+07
block = 48
finished writing new forcing
Blocks on each level: 95 84 
base level mesh update = 0
pad u      in 0.789958
Stage 1
LGF solved in 11.6447
IB IF solved 
residue square = 2.24893e-07
residue square = 1.60358e-11
IB  solved in 116.1
IF  solved in 5.86104
Stage 2
LGF solved in 11.7973
IB IF solved 
residue square = 4.51318e-08
residue square = 3.99887e-12
IB  solved in 105.059
IF  solved in 5.9145
Stage 3
LGF solved in 11.4099
IB IF solved 
residue square = 1.14044e-09
IB  solved in 23.1529
346.026
T = 0.2325, n = 93 -----------------
Blocks on each level: 95 84 
Total number of leaf octants: 131
Total number of leaf + correction octants: 167
Total number of allocated octants: 244
 -----------------
ib  size: 84
Forcing = 24.3869 -0.000223623 
 -----------------
r2/f2 = 8.10027e-06 f2 = 2.8341e+07
r2/f2 = 1.32328e-06 f2 = 2.83559e+07
r2/f2 = 8.72042e-08 f2 = 2.83613e+07
r2/f2 = 6.50139e-09 f2 = 2.83618e+07
r2/f2 = 5.29254e-10 f2 = 2.83618e+07
r2/f2 = 3.17271e-11 f2 = 2.83618e+07
r2/f2 = 1.92148e-12 f2 = 2.83618e+07
r2/f2 = 1.57786e-13 f2 = 2.83618e+07
ib  size: 84
New Forcing = 21.9658 -0.000224013 
 -----------------
block = 48
base level mesh update = 0
pad u      in 0.74725
Stage 1
finished writing new forcing
Blocks on each level: 95 84 
LGF solved in 11.8202
IB IF solved 
residue square = 2.31091e-07
residue square = 1.75185e-11
IB  solved in 118.193
IF  solved in 6.15963
Stage 2
LGF solved in 11.4335
IB IF solved 
residue square = 4.66303e-08
residue square = 2.95645e-12
IB  solved in 100.153
IF  solved in 5.90712
Stage 3
LGF solved in 11.5115
IB IF solved 
residue square = 9.06869e-10
IB  solved in 22.1887
341.329
T = 0.235, n = 94 -----------------
Blocks on each level: 95 84 
Total number of leaf octants: 131
Total number of leaf + correction octants: 167
Total number of allocated octants: 244
 -----------------
ib  size: 84
Forcing = 24.4331 -0.000232145 
 -----------------
r2/f2 = 8.10099e-06 f2 = 2.84375e+07
r2/f2 = 1.32358e-06 f2 = 2.84525e+07
r2/f2 = 8.72072e-08 f2 = 2.84579e+07
r2/f2 = 6.50198e-09 f2 = 2.84584e+07
r2/f2 = 5.29295e-10 f2 = 2.84584e+07
r2/f2 = 3.17247e-11 f2 = 2.84584e+07
r2/f2 = 1.92142e-12 f2 = 2.84584e+07
r2/f2 = 1.57828e-13 f2 = 2.84584e+07
ib  size: 84
New Forcing = 22.0084 -0.000232573 
 -----------------
block = 48
base level mesh update = 0
pad u      in 0.774791
Stage 1
finished writing new forcing
Blocks on each level: 95 84 
LGF solved in 11.55
IB IF solved 
residue square = 2.2434e-07
residue square = 8.76169e-12
IB  solved in 109.041
IF  solved in 5.91892
Stage 2
LGF solved in 11.4475
IB IF solved 
residue square = 4.72811e-08
residue square = 3.29597e-12
IB  solved in 99.2581
IF  solved in 5.76325
Stage 3
LGF solved in 11.4781
IB IF solved 
residue square = 7.30449e-10
IB  solved in 19.8521
T = 0.2375, n = 95 -----------------
328.115
Blocks on each level: 95 84 
Total number of leaf octants: 131
Total number of leaf + correction octants: 167
Total number of allocated octants: 244
 -----------------
ib  size: 84
Forcing = 24.4738 -0.000239359 
 -----------------
r2/f2 = 8.10078e-06 f2 = 2.85215e+07
r2/f2 = 1.32352e-06 f2 = 2.85366e+07
r2/f2 = 8.71969e-08 f2 = 2.8542e+07
r2/f2 = 6.50147e-09 f2 = 2.85425e+07
r2/f2 = 5.29258e-10 f2 = 2.85425e+07
r2/f2 = 3.17184e-11 f2 = 2.85425e+07
r2/f2 = 1.92097e-12 f2 = 2.85425e+07
r2/f2 = 1.57822e-13 f2 = 2.85425e+07
ib  size: 84
New Forcing = 22.0461 -0.000239758 
 -----------------
block = 48
finished writing new forcing
Blocks on each level: 95 84 
base level mesh update = 0
pad u      in 0.765292
Stage 1
LGF solved in 11.6788
IB IF solved 
residue square = 2.20878e-07
residue square = 7.67693e-12
IB  solved in 109.455
IF  solved in 6.027
Stage 2
LGF solved in 11.5243
IB IF solved 
residue square = 4.79773e-08
residue square = 2.20799e-12
IB  solved in 99.5422
IF  solved in 5.90646
Stage 3
LGF solved in 11.3973
IB IF solved 
residue square = 5.87599e-10
IB  solved in 22.0897
331.3
T = 0.24, n = 96 -----------------
Blocks on each level: 95 84 
Total number of leaf octants: 131
Total number of leaf + correction octants: 167
Total number of allocated octants: 244
 -----------------
ib  size: 84
Forcing = 24.5093 -0.000246541 
 -----------------
ib  size: 84
New Forcing = 22.0792 -0.00024698 
 -----------------
r2/f2 = 8.10128e-06 f2 = 2.85936e+07
r2/f2 = 1.32375e-06 f2 = 2.86086e+07
r2/f2 = 8.71982e-08 f2 = 2.86141e+07
r2/f2 = 6.50186e-09 f2 = 2.86146e+07
r2/f2 = 5.29278e-10 f2 = 2.86146e+07
r2/f2 = 3.17154e-11 f2 = 2.86146e+07
r2/f2 = 1.92081e-12 f2 = 2.86146e+07
r2/f2 = 1.57862e-13 f2 = 2.86146e+07
base level mesh update = 0
pad u      in 0.772459
Stage 1
block = 48
finished writing new forcing
Blocks on each level: 95 84 
LGF solved in 11.5364
IB IF solved 
residue square = 2.17587e-07
residue square = 5.34186e-12
IB  solved in 108.457
IF  solved in 5.89842
Stage 2
LGF solved in 11.3692
IB IF solved 
residue square = 4.88777e-08
residue square = 2.96245e-12
IB  solved in 99.6694
IF  solved in 5.86287
Stage 3
LGF solved in 11.3885
IB IF solved 
residue square = 4.73921e-10
IB  solved in 22.0422
329.986
T = 0.2425, n = 97 -----------------
Blocks on each level: 95 84 
Total number of leaf octants: 131
Total number of leaf + correction octants: 167
Total number of allocated octants: 244
 -----------------
ib  size: 84
Forcing = 24.5397 -0.000253754 
 -----------------
r2/f2 = 8.10163e-06 f2 = 2.86538e+07
r2/f2 = 1.32388e-06 f2 = 2.86689e+07
r2/f2 = 8.71925e-08 f2 = 2.86743e+07
r2/f2 = 6.50181e-09 f2 = 2.86748e+07
r2/f2 = 5.29272e-10 f2 = 2.86749e+07
r2/f2 = 3.17113e-11 f2 = 2.86749e+07
r2/f2 = 1.92051e-12 f2 = 2.86749e+07
r2/f2 = 1.57879e-13 f2 = 2.86749e+07
ib  size: 84
New Forcing = 22.1076 -0.00025417 
 -----------------
block = 48
base level mesh update = 0
pad u      in 0.769041
Stage 1
finished writing new forcing
Blocks on each level: 95 84 
LGF solved in 11.6031
IB IF solved 
residue square = 2.13049e-07
residue square = 9.44149e-12
IB  solved in 109.453
IF  solved in 5.88821
Stage 2
LGF solved in 11.3741
IB IF solved 
residue square = 4.95369e-08
residue square = 2.02612e-12
IB  solved in 99.9219
IF  solved in 5.88438
Stage 3
LGF solved in 11.3807
IB IF solved 
residue square = 3.8645e-10
IB  solved in 19.9853
328.48
T = 0.245, n = 98 -----------------
Blocks on each level: 95 84 
Total number of leaf octants: 131
Total number of leaf + correction octants: 167
Total number of allocated octants: 244
 -----------------
ib  size: 84
Forcing = 24.565 -0.000261022 
 -----------------
r2/f2 = 8.10188e-06 f2 = 2.87022e+07
r2/f2 = 1.32399e-06 f2 = 2.87173e+07
r2/f2 = 8.71918e-08 f2 = 2.87228e+07
r2/f2 = 6.50206e-09 f2 = 2.87233e+07
r2/f2 = 5.29285e-10 f2 = 2.87233e+07
r2/f2 = 3.17071e-11 f2 = 2.87233e+07
r2/f2 = 1.92028e-12 f2 = 2.87233e+07
r2/f2 = 1.57903e-13 f2 = 2.87233e+07
ib  size: 84
New Forcing = 22.1315 -0.000261496 
 -----------------
block = 48
base level mesh update = 0
pad u      in 0.772166
Stage 1
finished writing new forcing
Blocks on each level: 95 84 
LGF solved in 11.5172
IB IF solved 
residue square = 2.09014e-07
residue square = 9.87979e-12
IB  solved in 108.254
IF  solved in 5.89958
Stage 2
LGF solved in 11.3292
IB IF solved 
residue square = 5.02662e-08
residue square = 2.12195e-12
IB  solved in 99.0321
IF  solved in 5.88258
Stage 3
LGF solved in 11.3956
IB IF solved 
residue square = 3.22354e-10
IB  solved in 50.4844
357.214
T = 0.2475, n = 99 -----------------
Blocks on each level: 95 84 
Total number of leaf octants: 131
Total number of leaf + correction octants: 167
Total number of allocated octants: 244
 -----------------
ib  size: 84
Forcing = 24.5853 -0.000268191 
 -----------------
r2/f2 = 8.10332e-06 f2 = 2.87429e+07
r2/f2 = 1.32457e-06 f2 = 2.87581e+07
r2/f2 = 8.72066e-08 f2 = 2.87636e+07
r2/f2 = 6.50232e-09 f2 = 2.87641e+07
r2/f2 = 5.29242e-10 f2 = 2.87641e+07
r2/f2 = 3.17012e-11 f2 = 2.87641e+07
r2/f2 = 1.92003e-12 f2 = 2.87641e+07
ib  size: 84
New Forcing = 22.1508 -0.000268665 
 -----------------
r2/f2 = 1.57939e-13 f2 = 2.87641e+07
block = 48
finished writing new forcing
Blocks on each level: 95 84 
base level mesh update = 0
pad u      in 0.792166
Stage 1
LGF solved in 11.5678
IB IF solved 
residue square = 2.05371e-07
residue square = 4.24543e-12
IB  solved in 108.784
IF  solved in 5.83904
Stage 2
LGF solved in 11.3121
IB IF solved 
residue square = 5.10622e-08
residue square = 1.14673e-12
IB  solved in 99.8778
IF  solved in 5.93779
Stage 3
LGF solved in 11.3773
IB IF solved 
residue square = 2.79535e-10
IB  solved in 19.657
327.719
restart: backup
restart: write
- writing at T = 0.25, n = 100
T = 0.25, n = 100 -----------------
Blocks on each level: 95 84 
Total number of leaf octants: 131
Total number of leaf + correction octants: 167
Total number of allocated octants: 244
 -----------------
ib  size: 84
Forcing = 24.6007 -0.000277105 
 -----------------
- output writing finished -
r2/f2 = 8.10302e-06 f2 = 2.87682e+07
r2/f2 = 1.32442e-06 f2 = 2.87834e+07
r2/f2 = 8.71897e-08 f2 = 2.87889e+07
r2/f2 = 6.50242e-09 f2 = 2.87893e+07
r2/f2 = 5.29305e-10 f2 = 2.87894e+07
r2/f2 = 3.16993e-11 f2 = 2.87894e+07
r2/f2 = 1.91976e-12 f2 = 2.87894e+07
r2/f2 = 1.57947e-13 f2 = 2.87894e+07
ib  size: 84
New Forcing = 22.1658 -0.000277563 
 -----------------
block = 48
source max = 0.0426239
source max = 6.50228
Adapt - communication
finished writing new forcing
Blocks on each level: 95 84 
 Decomposition - receving adapt attempts 
 Decomposition - update domain
Total ib blocks = 32
 deleting blocks # = 0
 Decomposition - send back new local octants
 Decomposition - construct maps
Depth of the tree = 8
total IB blocks = 32
 Decomposition - sync
Adapt - intrp
Adapt - done
Computing domain decomposition for 4 processors
Computing domain decomposition done
base level mesh update = 0
pad u      in 1.97129
Stage 1
LGF solved in 11.6303
IB IF solved 
residue square = 2.2832e-07
residue square = 2.76883e-11
IB  solved in 114.754
IF  solved in 5.9625
Stage 2
LGF solved in 11.4706
IB IF solved 
residue square = 5.28094e-08
residue square = 7.73501e-12
IB  solved in 103.668
IF  solved in 5.86975
Stage 3
LGF solved in 11.5315
IB IF solved 
residue square = 2.57657e-10
IB  solved in 20.1887
340.152
T = 0.2525, n = 101 -----------------
Blocks on each level: 95 84 
Total number of leaf octants: 131
Total number of leaf + correction octants: 167
Total number of allocated octants: 244
 -----------------
ib  size: 84
Forcing = 24.6113 -0.000283926 
 -----------------
r2/f2 = 8.10356e-06 f2 = 2.87821e+07
r2/f2 = 1.3246e-06 f2 = 2.87973e+07
r2/f2 = 8.71897e-08 f2 = 2.88028e+07
r2/f2 = 6.50282e-09 f2 = 2.88033e+07
r2/f2 = 5.29341e-10 f2 = 2.88033e+07
r2/f2 = 3.16967e-11 f2 = 2.88033e+07
r2/f2 = 1.91953e-12 f2 = 2.88033e+07
r2/f2 = 1.57978e-13 f2 = 2.88033e+07
ib  size: 84
New Forcing = 22.1764 -0.000284395 
 -----------------
block = 48
base level mesh update = 0
pad u      in 0.764917
Stage 1
finished writing new forcing
Blocks on each level: 95 84 
LGF solved in 11.9331
IB IF solved 
residue square = 2.1305e-07
residue square = 3.22808e-12
IB  solved in 105.81
IF  solved in 5.9245
Stage 2
LGF solved in 11.413
IB IF solved 
residue square = 5.32357e-08
residue square = 2.16392e-12
IB  solved in 99.1107
IF  solved in 5.92225
Stage 3
LGF solved in 11.4115
IB IF solved 
residue square = 2.56364e-10
IB  solved in 14.7988
332.464
T = 0.255, n = 102 -----------------
Blocks on each level: 95 84 
Total number of leaf octants: 131
Total number of leaf + correction octants: 167
Total number of allocated octants: 244
 -----------------
ib  size: 84
Forcing = 24.6168 -0.000288666 
 -----------------
r2/f2 = 8.10384e-06 f2 = 2.87843e+07
r2/f2 = 1.32466e-06 f2 = 2.87995e+07
r2/f2 = 8.71825e-08 f2 = 2.88049e+07
r2/f2 = 6.50326e-09 f2 = 2.88054e+07
r2/f2 = 5.29379e-10 f2 = 2.88055e+07
ib  size: 84
New Forcing = 22.1825 -0.00028925 
 -----------------
r2/f2 = 3.16955e-11 f2 = 2.88055e+07
r2/f2 = 1.91933e-12 f2 = 2.88055e+07
r2/f2 = 1.58006e-13 f2 = 2.88055e+07
base level mesh update = 0
pad u      in 0.847958
Stage 1
block = 48
finished writing new forcing
Blocks on each level: 95 84 
LGF solved in 11.673
IB IF solved 
residue square = 2.13551e-07
residue square = 9.44602e-12
IB  solved in 111.639
IF  solved in 6.20563
Stage 2
LGF solved in 11.4824
IB IF solved 
residue square = 5.42884e-08
residue square = 2.57681e-12
IB  solved in 99.0128
IF  solved in 5.89229
Stage 3
LGF solved in 11.4505
IB IF solved 
residue square = 2.75664e-10
IB  solved in 20.4409
333.718
T = 0.2575, n = 103 -----------------
Blocks on each level: 95 84 
Total number of leaf octants: 131
Total number of leaf + correction octants: 167
Total number of allocated octants: 244
 -----------------
ib  size: 84
Forcing = 24.6175 -0.000297422 
 -----------------
r2/f2 = 8.10465e-06 f2 = 2.87751e+07
r2/f2 = 1.32493e-06 f2 = 2.87902e+07
r2/f2 = 8.71843e-08 f2 = 2.87957e+07
r2/f2 = 6.5037e-09 f2 = 2.87962e+07
r2/f2 = 5.29414e-10 f2 = 2.87963e+07
r2/f2 = 3.16925e-11 f2 = 2.87963e+07
r2/f2 = 1.91915e-12 f2 = 2.87963e+07
r2/f2 = 1.58037e-13 f2 = 2.87963e+07
ib  size: 84
New Forcing = 22.1841 -0.000297963 
 -----------------
block = 48
base level mesh update = 0
pad u      in 0.819042
Stage 1
finished writing new forcing
Blocks on each level: 95 84 
LGF solved in 11.8693
IB IF solved 
residue square = 2.07617e-07
residue square = 4.81782e-12
IB  solved in 113.971
IF  solved in 6.10833
Stage 2
LGF solved in 11.6457
IB IF solved 
residue square = 5.49971e-08
residue square = 2.16173e-12
IB  solved in 105.315
IF  solved in 6.10079
Stage 3
LGF solved in 11.6763
IB IF solved 
residue square = 3.17491e-10
IB  solved in 21.4629
344.475
T = 0.26, n = 104 -----------------
Blocks on each level: 95 84 
Total number of leaf octants: 131
Total number of leaf + correction octants: 167
Total number of allocated octants: 244
 -----------------
ib  size: 84
Forcing = 24.6134 -0.000305868 
 -----------------
r2/f2 = 8.10534e-06 f2 = 2.87546e+07
ib  size: 84
New Forcing = 22.1815 -0.000306323 
 -----------------
r2/f2 = 1.32515e-06 f2 = 2.87697e+07
r2/f2 = 8.71839e-08 f2 = 2.87752e+07
r2/f2 = 6.50421e-09 f2 = 2.87757e+07
r2/f2 = 5.29461e-10 f2 = 2.87757e+07
r2/f2 = 3.169e-11 f2 = 2.87758e+07
r2/f2 = 1.919e-12 f2 = 2.87758e+07
r2/f2 = 1.58067e-13 f2 = 2.87758e+07
finished writing new forcing
Blocks on each level: 95 84 
base level mesh update = 0
pad u      in 0.8335
Stage 1
block = 48
LGF solved in 12.2968
IB IF solved 
residue square = 2.03868e-07
residue square = 7.67274e-12
IB  solved in 114.567
IF  solved in 5.91417
Stage 2
LGF solved in 11.9458
IB IF solved 
residue square = 5.57431e-08
residue square = 2.26756e-12
IB  solved in 105.959
IF  solved in 5.96767
Stage 3
LGF solved in 12.1352
IB IF solved 
residue square = 3.85676e-10
IB  solved in 19.735
345.798
T = 0.2625, n = 105 -----------------
Blocks on each level: 95 84 
Total number of leaf octants: 131
Total number of leaf + correction octants: 167
Total number of allocated octants: 244
 -----------------
ib  size: 84
Forcing = 24.6042 -0.000312919 
 -----------------
r2/f2 = 8.1061e-06 f2 = 2.87224e+07
r2/f2 = 1.32539e-06 f2 = 2.87375e+07
r2/f2 = 8.7185e-08 f2 = 2.8743e+07
r2/f2 = 6.50474e-09 f2 = 2.87435e+07
r2/f2 = 5.29497e-10 f2 = 2.87435e+07
r2/f2 = 3.16877e-11 f2 = 2.87435e+07
r2/f2 = 1.91883e-12 f2 = 2.87435e+07
r2/f2 = 1.58102e-13 f2 = 2.87435e+07
ib  size: 84
New Forcing = 22.1743 -0.000313425 
 -----------------
base level mesh update = 0
pad u      in 0.770708
Stage 1
block = 48
finished writing new forcing
Blocks on each level: 95 84 
LGF solved in 11.8802
IB IF solved 
residue square = 1.99778e-07
residue square = 4.49385e-12
IB  solved in 105.289
IF  solved in 6.00892
Stage 2
LGF solved in 11.4399
IB IF solved 
residue square = 5.65095e-08
residue square = 1.92903e-12
IB  solved in 102.483
IF  solved in 6.0225
Stage 3
LGF solved in 11.6893
IB IF solved 
residue square = 4.86056e-10
IB  solved in 20.6326
330.423
T = 0.265, n = 106 -----------------
Blocks on each level: 95 84 
Total number of leaf octants: 131
Total number of leaf + correction octants: 167
Total number of allocated octants: 244
 -----------------
ib  size: 84
Forcing = 24.5898 -0.000320064 
 -----------------
r2/f2 = 8.10698e-06 f2 = 2.86781e+07
r2/f2 = 1.32566e-06 f2 = 2.86933e+07
r2/f2 = 8.71876e-08 f2 = 2.86987e+07
r2/f2 = 6.50545e-09 f2 = 2.86992e+07
r2/f2 = 5.29547e-10 f2 = 2.86993e+07
r2/f2 = 3.16861e-11 f2 = 2.86993e+07
r2/f2 = 1.9187e-12 f2 = 2.86993e+07
r2/f2 = 1.58141e-13 f2 = 2.86993e+07
ib  size: 84
New Forcing = 22.1624 -0.000320541 
 -----------------
base level mesh update = 0
pad u      in 0.790583
Stage 1
block = 48
finished writing new forcing
Blocks on each level: 95 84 
LGF solved in 11.6512
IB IF solved 
residue square = 1.96157e-07
residue square = 4.70413e-12
IB  solved in 104.072
IF  solved in 5.999
Stage 2
LGF solved in 11.5598
IB IF solved 
residue square = 5.72759e-08
residue square = 1.75475e-12
IB  solved in 100.228
IF  solved in 5.91617
Stage 3
LGF solved in 11.4277
IB IF solved 
residue square = 6.27603e-10
IB  solved in 19.6541
324.689
T = 0.2675, n = 107 -----------------
Blocks on each level: 95 84 
Total number of leaf octants: 131
Total number of leaf + correction octants: 167
Total number of allocated octants: 244
 -----------------
ib  size: 84
Forcing = 24.5702 -0.000327246 
 -----------------
ib  size: 84
New Forcing = 22.1459 -0.000327765 
 -----------------
r2/f2 = 8.10777e-06 f2 = 2.86217e+07
r2/f2 = 1.32589e-06 f2 = 2.86368e+07
r2/f2 = 8.7188e-08 f2 = 2.86422e+07
r2/f2 = 6.50604e-09 f2 = 2.86427e+07
r2/f2 = 5.29591e-10 f2 = 2.86428e+07
r2/f2 = 3.16843e-11 f2 = 2.86428e+07
r2/f2 = 1.91853e-12 f2 = 2.86428e+07
r2/f2 = 1.58173e-13 f2 = 2.86428e+07
base level mesh update = 0
pad u      in 0.771292
Stage 1
finished writing new forcing
Blocks on each level: 95 84 
block = 48
LGF solved in 11.7465
IB IF solved 
residue square = 1.92478e-07
residue square = 6.04839e-12
IB  solved in 112.098
IF  solved in 6.23746
Stage 2
LGF solved in 11.9095
IB IF solved 
residue square = 5.80201e-08
residue square = 1.93806e-12
IB  solved in 104.242
IF  solved in 5.97517
Stage 3
LGF solved in 11.7323
IB IF solved 
residue square = 8.25593e-10
IB  solved in 53.6605
373.746
T = 0.27, n = 108 -----------------
Blocks on each level: 95 84 
Total number of leaf octants: 131
Total number of leaf + correction octants: 167
Total number of allocated octants: 244
 -----------------
ib  size: 84
Forcing = 24.5453 -0.00033437 
 -----------------
ib  size: 84
New Forcing = 22.1245 -0.000334908 
 -----------------
r2/f2 = 8.10858e-06 f2 = 2.85585e+07
r2/f2 = 1.32587e-06 f2 = 2.85735e+07
r2/f2 = 8.71611e-08 f2 = 2.8579e+07
r2/f2 = 6.50676e-09 f2 = 2.85795e+07
r2/f2 = 5.2979e-10 f2 = 2.85795e+07
r2/f2 = 3.16907e-11 f2 = 2.85795e+07
r2/f2 = 1.91842e-12 f2 = 2.85795e+07
r2/f2 = 1.58159e-13 f2 = 2.85795e+07
finished writing new forcing
Blocks on each level: 95 84 
block = 48
base level mesh update = 0
pad u      in 0.769875
Stage 1
LGF solved in 11.6865
IB IF solved 
residue square = 1.88338e-07
residue square = 1.90358e-11
IB  solved in 114.51
IF  solved in 5.93983
Stage 2
LGF solved in 11.3891
IB IF solved 
residue square = 5.8616e-08
residue square = 4.50512e-12
IB  solved in 104.134
IF  solved in 5.93387
Stage 3
LGF solved in 11.427
IB IF solved 
residue square = 1.10379e-09
IB  solved in 19.6962
338.457
T = 0.2725, n = 109 -----------------
Blocks on each level: 95 84 
Total number of leaf octants: 131
Total number of leaf + correction octants: 167
Total number of allocated octants: 244
 -----------------
ib  size: 84
Forcing = 24.5147 -0.000343139 
 -----------------
r2/f2 = 8.10998e-06 f2 = 2.84766e+07
r2/f2 = 1.32645e-06 f2 = 2.84916e+07
r2/f2 = 8.71837e-08 f2 = 2.8497e+07
r2/f2 = 6.50759e-09 f2 = 2.84975e+07
r2/f2 = 5.29766e-10 f2 = 2.84976e+07
r2/f2 = 3.16847e-11 f2 = 2.84976e+07
r2/f2 = 1.91823e-12 f2 = 2.84976e+07
r2/f2 = 1.58228e-13 f2 = 2.84976e+07
ib  size: 84
New Forcing = 22.0981 -0.000343662 
 -----------------
block = 48
finished writing new forcing
Blocks on each level: 95 84 
base level mesh update = 0
pad u      in 0.763083
Stage 1
LGF solved in 11.5445
IB IF solved 
residue square = 2.05048e-07
residue square = 2.23885e-11
IB  solved in 108.832
IF  solved in 5.92033
Stage 2
LGF solved in 11.4458
IB IF solved 
residue square = 6.05596e-08
residue square = 4.67361e-12
IB  solved in 104.68
IF  solved in 6.06538
Stage 3
LGF solved in 11.6398
IB IF solved 
residue square = 1.5001e-09
IB  solved in 19.8356
333.228
T = 0.275, n = 110 -----------------
Blocks on each level: 95 84 
Total number of leaf octants: 131
Total number of leaf + correction octants: 167
Total number of allocated octants: 244
 -----------------
ib  size: 84
Forcing = 24.4783 -0.000349815 
 -----------------
r2/f2 = 8.11141e-06 f2 = 2.83812e+07
r2/f2 = 1.32699e-06 f2 = 2.83962e+07
r2/f2 = 8.72027e-08 f2 = 2.84016e+07
r2/f2 = 6.5088e-09 f2 = 2.84021e+07
r2/f2 = 5.29811e-10 f2 = 2.84022e+07
r2/f2 = 3.16821e-11 f2 = 2.84022e+07
r2/f2 = 1.91822e-12 f2 = 2.84022e+07
r2/f2 = 1.58305e-13 f2 = 2.84022e+07
ib  size: 84
New Forcing = 22.0663 -0.000350348 
 -----------------
source max = 0.0575071
source max = 7.58465
Adapt - communication
finished writing new forcing
Blocks on each level: 95 84 
 Decomposition - receving adapt attempts 
 Decomposition - update domain
Total ib blocks = 32
 deleting blocks # = 3
 Decomposition - send back new local octants
 Decomposition - construct maps
Depth of the tree = 8
total IB blocks = 32
 Decomposition - sync
block = 48
Computing domain decomposition for 4 processors
Computing domain decomposition done
Adapt - intrp
Adapt - done
base level mesh update = 0
pad u      in 2.13221
Stage 1
LGF solved in 11.544
IB IF solved 
residue square = 1.92631e-07
residue square = 3.61834e-12
IB  solved in 103.213
IF  solved in 5.99575
Stage 2
LGF solved in 11.6717
IB IF solved 
residue square = 6.07477e-08
residue square = 2.44566e-12
IB  solved in 101.82
IF  solved in 5.67783
Stage 3
LGF solved in 11.2949
IB IF solved 
residue square = 2.06279e-09
IB  solved in 19.4314
325.638
T = 0.2775, n = 111 -----------------
Blocks on each level: 92 84 
Total number of leaf octants: 128
Total number of leaf + correction octants: 164
Total number of allocated octants: 241
 -----------------
ib  size: 84
Forcing = 24.4358 -0.000356922 
 -----------------
r2/f2 = 8.11238e-06 f2 = 2.82721e+07
r2/f2 = 1.32727e-06 f2 = 2.82871e+07
r2/f2 = 8.72052e-08 f2 = 2.82925e+07
r2/f2 = 6.50967e-09 f2 = 2.82929e+07
r2/f2 = 5.29869e-10 f2 = 2.8293e+07
r2/f2 = 3.16805e-11 f2 = 2.8293e+07
r2/f2 = 1.91812e-12 f2 = 2.8293e+07
r2/f2 = 1.58346e-13 f2 = 2.8293e+07
ib  size: 84
New Forcing = 22.0292 -0.000357437 
 -----------------
block = 48
finished writing new forcing
Blocks on each level: 92 84 
base level mesh update = 0
pad u      in 0.738375
Stage 1
LGF solved in 11.4657
IB IF solved 
residue square = 1.91927e-07
residue square = 5.39736e-12
IB  solved in 106.931
IF  solved in 5.80454
Stage 2
LGF solved in 11.2695
IB IF solved 
residue square = 6.16523e-08
residue square = 1.65991e-12
IB  solved in 98.8269
IF  solved in 5.89871
Stage 3
LGF solved in 11.323
IB IF solved 
residue square = 2.85997e-09
IB  solved in 19.3039
323.822
T = 0.28, n = 112 -----------------
Blocks on each level: 92 84 
Total number of leaf octants: 128
Total number of leaf + correction octants: 164
Total number of allocated octants: 241
 -----------------
ib  size: 84
Forcing = 24.3871 -0.000363869 
 -----------------
r2/f2 = 8.1134e-06 f2 = 2.81487e+07
r2/f2 = 1.32757e-06 f2 = 2.81636e+07
r2/f2 = 8.72093e-08 f2 = 2.8169e+07
r2/f2 = 6.51057e-09 f2 = 2.81695e+07
r2/f2 = 5.29938e-10 f2 = 2.81695e+07
r2/f2 = 3.16795e-11 f2 = 2.81695e+07
r2/f2 = 1.918e-12 f2 = 2.81695e+07
r2/f2 = 1.58392e-13 f2 = 2.81695e+07
ib  size: 84
New Forcing = 21.9865 -0.000364421 
 -----------------
block = 48
base level mesh update = 0
pad u      in 0.776208
Stage 1
finished writing new forcing
Blocks on each level: 92 84 
LGF solved in 11.4449
IB IF solved 
residue square = 1.86696e-07
residue square = 3.94534e-12
IB  solved in 108.407
IF  solved in 5.79138
Stage 2
LGF solved in 11.2984
IB IF solved 
residue square = 6.21937e-08
residue square = 1.82552e-12
IB  solved in 101.933
IF  solved in 6.16517
Stage 3
LGF solved in 11.6457
IB IF solved 
residue square = 3.96078e-09
IB  solved in 20.0322
331.285
T = 0.2825, n = 113 -----------------
Blocks on each level: 92 84 
Total number of leaf octants: 128
Total number of leaf + correction octants: 164
Total number of allocated octants: 241
 -----------------
ib  size: 84
Forcing = 24.3319 -0.000370804 
 -----------------
r2/f2 = 8.11449e-06 f2 = 2.80106e+07
r2/f2 = 1.32787e-06 f2 = 2.80254e+07
r2/f2 = 8.72128e-08 f2 = 2.80307e+07
r2/f2 = 6.51141e-09 f2 = 2.80312e+07
r2/f2 = 5.29999e-10 f2 = 2.80313e+07
r2/f2 = 3.16782e-11 f2 = 2.80313e+07
r2/f2 = 1.91786e-12 f2 = 2.80313e+07
r2/f2 = 1.58432e-13 f2 = 2.80313e+07
ib  size: 84
New Forcing = 21.9378 -0.000371331 
 -----------------
block = 48
base level mesh update = 0
pad u      in 0.783
Stage 1
finished writing new forcing
Blocks on each level: 92 84 
LGF solved in 11.7764
IB IF solved 
residue square = 1.83363e-07
residue square = 4.79348e-12
IB  solved in 107.887
IF  solved in 6.13496
Stage 2
LGF solved in 11.5727
IB IF solved 
residue square = 6.28527e-08
residue square = 2.20944e-12
IB  solved in 101.706
IF  solved in 6.01775
Stage 3
LGF solved in 11.686
IB IF solved 
residue square = 5.40982e-09
IB  solved in 19.9465
332.035
T = 0.285, n = 114 -----------------
Blocks on each level: 92 84 
Total number of leaf octants: 128
Total number of leaf + correction octants: 164
Total number of allocated octants: 241
 -----------------
ib  size: 84
Forcing = 24.2699 -0.000377694 
 -----------------
r2/f2 = 8.11572e-06 f2 = 2.78571e+07
r2/f2 = 1.32824e-06 f2 = 2.78718e+07
r2/f2 = 8.72184e-08 f2 = 2.78771e+07
r2/f2 = 6.51252e-09 f2 = 2.78776e+07
r2/f2 = 5.30072e-10 f2 = 2.78776e+07
r2/f2 = 3.16774e-11 f2 = 2.78777e+07
r2/f2 = 1.91781e-12 f2 = 2.78777e+07
r2/f2 = 1.58482e-13 f2 = 2.78777e+07
ib  size: 84
New Forcing = 21.8831 -0.000378267 
 -----------------
finished writing new forcing
Blocks on each level: 92 84 
block = 48
base level mesh update = 0
pad u      in 0.779542
Stage 1
LGF solved in 11.7477
IB IF solved 
residue square = 1.79335e-07
residue square = 2.65247e-12
IB  solved in 144.331
IF  solved in 5.84063
Stage 2
LGF solved in 11.5737
IB IF solved 
residue square = 6.34137e-08
residue square = 1.66344e-12
IB  solved in 101.491
IF  solved in 6.12162
Stage 3
LGF solved in 11.3535
IB IF solved 
residue square = 7.1938e-09
IB  solved in 20.0592
366.63
T = 0.2875, n = 115 -----------------
Blocks on each level: 92 84 
Total number of leaf octants: 128
Total number of leaf + correction octants: 164
Total number of allocated octants: 241
 -----------------
ib  size: 84
Forcing = 24.2007 -0.000384538 
 -----------------
r2/f2 = 8.1169e-06 f2 = 2.76876e+07
ib  size: 84
New Forcing = 21.8219 -0.000385149 
 -----------------
r2/f2 = 1.32857e-06 f2 = 2.77023e+07
r2/f2 = 8.72227e-08 f2 = 2.77076e+07
r2/f2 = 6.51344e-09 f2 = 2.7708e+07
r2/f2 = 5.30143e-10 f2 = 2.77081e+07
r2/f2 = 3.16764e-11 f2 = 2.77081e+07
r2/f2 = 1.91767e-12 f2 = 2.77081e+07
r2/f2 = 1.58527e-13 f2 = 2.77081e+07
block = 48
finished writing new forcing
Blocks on each level: 92 84 
base level mesh update = 0
pad u      in 0.797291
Stage 1
LGF solved in 11.6206
IB IF solved 
residue square = 1.75693e-07
residue square = 5.62155e-12
IB  solved in 103.274
IF  solved in 5.86758
Stage 2
LGF solved in 11.3921
IB IF solved 
residue square = 6.39874e-08
residue square = 2.34209e-12
IB  solved in 99.2407
IF  solved in 5.85992
Stage 3
LGF solved in 11.6139
IB IF solved 
residue square = 9.24214e-09
IB  solved in 55.0995
357.801
T = 0.29, n = 116 -----------------
Blocks on each level: 92 84 
Total number of leaf octants: 128
Total number of leaf + correction octants: 164
Total number of allocated octants: 241
 -----------------
ib  size: 84
Forcing = 24.1241 -0.000391197 
 -----------------
r2/f2 = 8.11534e-06 f2 = 2.7508e+07
r2/f2 = 1.32798e-06 f2 = 2.75225e+07
r2/f2 = 8.71861e-08 f2 = 2.75278e+07
r2/f2 = 6.51168e-09 f2 = 2.75282e+07
r2/f2 = 5.3001e-10 f2 = 2.75283e+07
r2/f2 = 3.16634e-11 f2 = 2.75283e+07
r2/f2 = 1.91655e-12 f2 = 2.75283e+07
r2/f2 = 1.58463e-13 f2 = 2.75283e+07
ib  size: 84
New Forcing = 21.7541 -0.000391804 
 -----------------
base level mesh update = 0
pad u      in 0.791958
Stage 1
finished writing new forcing
Blocks on each level: 92 84 
block = 48
LGF solved in 11.3763
IB IF solved 
residue square = 1.71436e-07
T = 0.2925, n = 117 -----------------
Blocks on each level: 92 84 
Total number of leaf octants: 128
Total number of leaf + correction octants: 164
Total number of allocated octants: 241
 -----------------
ib  size: 84
Forcing = 24.0396 -0.00039941 
 -----------------
ib  size: 84
New Forcing = 21.6791 -0.000400008 
 -----------------
finished writing new forcing
Blocks on each level: 92 84 
T = 0.295, n = 118 -----------------
Blocks on each level: 92 84 
Total number of leaf octants: 128
Total number of leaf + correction octants: 164
Total number of allocated octants: 241
 -----------------
ib  size: 84
Forcing = 23.9469 -0.000405445 
 -----------------
ib  size: 84
New Forcing = 21.5968 -0.000406026 
 -----------------
finished writing new forcing
Blocks on each level: 92 84 
T = 0.2975, n = 119 -----------------
Blocks on each level: 92 84 
Total number of leaf octants: 128
Total number of leaf + correction octants: 164
Total number of allocated octants: 241
 -----------------
ib  size: 84
Forcing = 23.8457 -0.00041216 
 -----------------
ib  size: 84
New Forcing = 21.5067 -0.000412778 
 -----------------
finished writing new forcing
Blocks on each level: 92 84 
329.818
block = 48
328.658
block = 48
322.963
block = 48
residue square = 1.76796e-11
IB  solved in 108.183
IF  solved in 5.90983
Stage 2
LGF solved in 11.3872
IB IF solved 
residue square = 6.4389e-08
residue square = 3.28115e-12
IB  solved in 102.92
IF  solved in 5.769
Stage 3
LGF solved in 11.3818
IB IF solved 
residue square = 1.14737e-08
IB  solved in 19.2197
r2/f2 = 8.11878e-06 f2 = 2.73047e+07
r2/f2 = 1.32908e-06 f2 = 2.73191e+07
r2/f2 = 8.72168e-08 f2 = 2.73243e+07
r2/f2 = 6.51461e-09 f2 = 2.73248e+07
r2/f2 = 5.30241e-10 f2 = 2.73249e+07
r2/f2 = 3.16707e-11 f2 = 2.73249e+07
r2/f2 = 1.91709e-12 f2 = 2.73249e+07
r2/f2 = 1.58584e-13 f2 = 2.73249e+07
base level mesh update = 0
pad u      in 0.771334
Stage 1
LGF solved in 11.4645
IB IF solved 
residue square = 1.82343e-07
residue square = 1.25153e-11
IB  solved in 110.744
IF  solved in 6.12379
Stage 2
LGF solved in 11.5895
IB IF solved 
residue square = 6.62501e-08
residue square = 2.92441e-12
IB  solved in 98.7458
IF  solved in 5.83925
Stage 3
LGF solved in 11.3187
IB IF solved 
residue square = 1.37931e-08
IB  solved in 19.3543
r2/f2 = 8.12127e-06 f2 = 2.70834e+07
r2/f2 = 1.32986e-06 f2 = 2.70978e+07
r2/f2 = 8.72393e-08 f2 = 2.7103e+07
r2/f2 = 6.51698e-09 f2 = 2.71034e+07
r2/f2 = 5.30415e-10 f2 = 2.71035e+07
r2/f2 = 3.16751e-11 f2 = 2.71035e+07
r2/f2 = 1.91741e-12 f2 = 2.71035e+07
r2/f2 = 1.58686e-13 f2 = 2.71035e+07
base level mesh update = 0
pad u      in 0.74175
Stage 1
LGF solved in 11.4019
IB IF solved 
residue square = 1.72198e-07
residue square = 3.14634e-12
IB  solved in 106.76
IF  solved in 5.77417
Stage 2
LGF solved in 11.3544
IB IF solved 
residue square = 6.61794e-08
residue square = 1.98685e-12
IB  solved in 98.5688
IF  solved in 5.82067
Stage 3
LGF solved in 11.319
IB IF solved 
residue square = 1.61702e-08
IB  solved in 19.2856
r2/f2 = 8.12262e-06 f2 = 2.68437e+07
r2/f2 = 1.33025e-06 f2 = 2.68579e+07
r2/f2 = 8.72469e-08 f2 = 2.6863e+07
r2/f2 = 6.51814e-09 f2 = 2.68635e+07
r2/f2 = 5.30488e-10 f2 = 2.68635e+07
r2/f2 = 3.16738e-11 f2 = 2.68635e+07
r2/f2 = 1.91731e-12 f2 = 2.68635e+07
r2/f2 = 1.58739e-13 f2 = 2.68635e+07
base level mesh update = 0
pad u      in 0.761
Stage 1
LGF solved in 11.4061
IB IF solved 
residue square = 1.70437e-07
